[debug] [2025-12-04T21:33:05.287Z] ----------------------------------------------------------------------
[debug] [2025-12-04T21:33:05.289Z] Command:       C:\Program Files\nodejs\node.exe C:\Users\abdel\AppData\Roaming\npm\node_modules\firebase-tools\lib\bin\firebase.js deploy
[debug] [2025-12-04T21:33:05.289Z] CLI Version:   14.27.0
[debug] [2025-12-04T21:33:05.289Z] Platform:      win32
[debug] [2025-12-04T21:33:05.289Z] Node Version:  v24.11.0
[debug] [2025-12-04T21:33:05.290Z] Time:          Fri Dec 05 2025 00:33:05 GMT+0300 (GMT+03:00)
[debug] [2025-12-04T21:33:05.290Z] ----------------------------------------------------------------------
[debug] 
[debug] [2025-12-04T21:33:05.458Z] > command requires scopes: ["email","openid","https://www.googleapis.com/auth/cloudplatformprojects.readonly","https://www.googleapis.com/auth/firebase","https://www.googleapis.com/auth/cloud-platform"]
[debug] [2025-12-04T21:33:05.459Z] > authorizing via signed-in user (abooxgamer@gmail.com)
[debug] [2025-12-04T21:33:05.459Z] [iam] checking project hyventechjo for permissions ["firebase.projects.get","firebasehosting.sites.update"]
[debug] [2025-12-04T21:33:05.460Z] Checked if tokens are valid: false, expires at: 1764884633698
[debug] [2025-12-04T21:33:05.460Z] Checked if tokens are valid: false, expires at: 1764884633698
[debug] [2025-12-04T21:33:05.460Z] > refreshing access token with scopes: []
[debug] [2025-12-04T21:33:05.462Z] >>> [apiv2][query] POST https://www.googleapis.com/oauth2/v3/token [none]
[debug] [2025-12-04T21:33:05.462Z] >>> [apiv2][body] POST https://www.googleapis.com/oauth2/v3/token [omitted]
[debug] [2025-12-04T21:33:05.959Z] <<< [apiv2][status] POST https://www.googleapis.com/oauth2/v3/token 200
[debug] [2025-12-04T21:33:05.959Z] <<< [apiv2][body] POST https://www.googleapis.com/oauth2/v3/token [omitted]
[debug] [2025-12-04T21:33:05.964Z] >>> [apiv2][query] POST https://cloudresourcemanager.googleapis.com/v1/projects/hyventechjo:testIamPermissions [none]
[debug] [2025-12-04T21:33:05.964Z] >>> [apiv2][(partial)header] POST https://cloudresourcemanager.googleapis.com/v1/projects/hyventechjo:testIamPermissions x-goog-quota-user=projects/hyventechjo
[debug] [2025-12-04T21:33:05.964Z] >>> [apiv2][body] POST https://cloudresourcemanager.googleapis.com/v1/projects/hyventechjo:testIamPermissions {"permissions":["firebase.projects.get","firebasehosting.sites.update"]}
[debug] [2025-12-04T21:33:06.555Z] <<< [apiv2][status] POST https://cloudresourcemanager.googleapis.com/v1/projects/hyventechjo:testIamPermissions 200
[debug] [2025-12-04T21:33:06.555Z] <<< [apiv2][body] POST https://cloudresourcemanager.googleapis.com/v1/projects/hyventechjo:testIamPermissions {"permissions":["firebase.projects.get","firebasehosting.sites.update"]}
[debug] [2025-12-04T21:33:06.556Z] Checked if tokens are valid: true, expires at: 1764887584959
[debug] [2025-12-04T21:33:06.556Z] Checked if tokens are valid: true, expires at: 1764887584959
[debug] [2025-12-04T21:33:06.556Z] >>> [apiv2][query] GET https://firebase.googleapis.com/v1beta1/projects/hyventechjo [none]
[debug] [2025-12-04T21:33:07.115Z] <<< [apiv2][status] GET https://firebase.googleapis.com/v1beta1/projects/hyventechjo 200
[debug] [2025-12-04T21:33:07.115Z] <<< [apiv2][body] GET https://firebase.googleapis.com/v1beta1/projects/hyventechjo {"projectId":"hyventechjo","projectNumber":"313786467460","displayName":"hyventech","name":"projects/hyventechjo","resources":{"hostingSite":"hyventechjo"},"state":"ACTIVE","etag":"1_6b110241-f99d-4f8d-ad44-c8946e34ff00"}
[info] 
[info] === Deploying to 'hyventechjo'...
[info] 
[info] i  deploying hosting 
[debug] [2025-12-04T21:33:07.119Z] Checked if tokens are valid: true, expires at: 1764887584959
[debug] [2025-12-04T21:33:07.119Z] Checked if tokens are valid: true, expires at: 1764887584959
[debug] [2025-12-04T21:33:07.120Z] >>> [apiv2][query] POST https://firebasehosting.googleapis.com/v1beta1/projects/-/sites/hyventechjo/versions [none]
[debug] [2025-12-04T21:33:07.120Z] >>> [apiv2][body] POST https://firebasehosting.googleapis.com/v1beta1/projects/-/sites/hyventechjo/versions {"status":"CREATED","labels":{"deployment-tool":"cli-firebase"}}
[debug] [2025-12-04T21:33:08.562Z] <<< [apiv2][status] POST https://firebasehosting.googleapis.com/v1beta1/projects/-/sites/hyventechjo/versions 200
[debug] [2025-12-04T21:33:08.562Z] <<< [apiv2][body] POST https://firebasehosting.googleapis.com/v1beta1/projects/-/sites/hyventechjo/versions {"name":"projects/313786467460/sites/hyventechjo/versions/51d574f5cf94d98f","status":"CREATED","config":{},"labels":{"deployment-tool":"cli-firebase"}}
[info] i  hosting[hyventechjo]: beginning deploy... 
[info] i  hosting[hyventechjo]: found 78 files in dist 
[debug] [2025-12-04T21:33:08.576Z] [hosting] uploading with 200 concurrency
[debug] [2025-12-04T21:33:08.615Z] Checked if tokens are valid: true, expires at: 1764887584959
[debug] [2025-12-04T21:33:08.615Z] Checked if tokens are valid: true, expires at: 1764887584959
[debug] [2025-12-04T21:33:08.617Z] [hosting] hash cache [ZGlzdA] stored for 78 files
[debug] [2025-12-04T21:33:08.617Z] [hosting][hash queue][FINAL] {"max":32,"min":4,"avg":13.294871794871796,"active":0,"complete":78,"success":78,"errored":0,"retried":0,"total":78,"elapsed":39}
[debug] [2025-12-04T21:33:08.617Z] >>> [apiv2][query] POST https://firebasehosting.googleapis.com/v1beta1/projects/313786467460/sites/hyventechjo/versions/51d574f5cf94d98f:populateFiles [none]
[debug] [2025-12-04T21:33:08.617Z] >>> [apiv2][body] POST https://firebasehosting.googleapis.com/v1beta1/projects/313786467460/sites/hyventechjo/versions/51d574f5cf94d98f:populateFiles {"files":{"/sw.js":"baa4f6fa24e40e1a05067f8bfbd9c7580d91f6741476564595ed562c9fc97cc3","/knowbe4-logo.svg":"e3e52a38a56d17579368ad7d3ac5bf6192dfeb0831d87f827674c70c19f43096","/Logo/favicon.png":"7703418218c750efb0c3b8647523a5a2b85a75b21c707a9c5f9899ebf3a690d3","/Logo/Assets-04.png":"a23dc274c3166f03601f30405b426595e580664259c8e070c1ec888b0b6ac01d","/Logo/Assets-03.png":"495f202343867d1866d63a9949444466105d82e98bcfa8f6b1d9e4055fac85ea","/leadership/Rakan.jpg":"79472977af4593a905def8a133d0755d1226b95bdeaea7a2478cb0de900e92ec","/leadership/Mahmoud.png":"bf3426e5cc13cc67bfeba07b1d5d6d5c7501c62d2db672e3bc20abeaa91643d9","/leadership/Lana.jpg":"ab829af9d147a001be4cc09a2572bc13131a012f286604ee3f2b89bf317b78d5","/leadership/Hamzah.jpg":"8d0090694ef0b9e799837bca8f86b2fa00b441ebc925692a6687cca17fa91ae7","/leadership/Abdelrahman.jpg":"d064d0ead8329f2f1fb1abc7604b13c66c5bda07c4fb1710585b3c2a6d716cda","/manifest.json":"f85cc4fc34c3fec74d0eeb950ae28c2228b39ecb7811dd3927002ad1e23a5531","/assets/js/zap-CEWS0qv1.js":"0497782f30407d6f0bf57039c998642cb4cdfe381fb29dc686a19644d7328814","/index.html":"7f96546349b48083032ee17f1de91a609d08fdc46b7f96c1e420b0b4ca1635f6","/assets/js/WhyChooseUs-2M9FFKnt.js":"a215ae92df07e33047fb8195296a4ddc297c6defe82b32d3460f1754d07a129e","/assets/js/users-4ciMsV15.js":"33c3b30e52ca6ddbaa4ab12f923b45ca7faeba7e2eda81e8fa69f312b93899f6","/assets/js/truck-BcFcWPpl.js":"2763493bd5c3cdb3ef40d822676ebe9e9ec846a8bda923649eb8bd0d3ea7b437","/assets/js/WhyUs-BYdMHD9v.js":"40f6ac7fc527e0ae9308e2ce60c0321af797c64a8c219926e8952db064e1f570","/assets/js/TermsOfService-Dr-edX6O.js":"cfec9b36a392043d44e89c662af3a1ba89841444d2adda7ff039255348e71638","/assets/js/TechnicalHardware-CNgjdZv_.js":"5ef1d001e89504535080c3cef185bbdc8bb595e221ec1dee54a50193ce64aaa3","/assets/js/Team-CaxHTnJZ.js":"b1974da50916bc23a21454d26b2607350a085e8aa46fbb02ed241036deeff118","/assets/js/SocialMedia-DDIqwhfz.js":"841ffd4065f37d285051845935e91feed8b4b5a32ceaa34c4cc10937be88532d","/assets/js/test-tube-DChaeN92.js":"7823bb9287a9df918d718ee620b73ae80081baba9f206b678b4dc052419570f1","/assets/js/SocialMedia-CTBOuNxp.js":"b85af894a99f2829aa7fc950923eea4b58455bc05362bdc5ce7927f667a60e1b","/assets/js/shopping-cart-D0XRPZp9.js":"6b93ee54161182cab6b0bdd20c89f012ec18bac07333d26bbe992ab25635fc53","/assets/js/shield-jzF4FLnq.js":"76f90604df7bfffb3ab82db56049fe9cf878bbee5a8cdd03885dbad006fd35c6","/assets/js/shield-check-CCVhwxv2.js":"bee09da22ae31a2486320ae56e856a4b2365810dfa45d9a004a4950029f1d16f","/assets/js/share-2-CFFNDh84.js":"88c22a59a7a44031d28e2ffb7a6fa24d1b75b4a04f937e334ad2b2a3aeed3103","/assets/js/ServiceDetail-CoB-TUx2.js":"9bde23e4d3f7be151eb8742e52168417d1a1ce38cfdb8961fc6f8452c6309a9c","/assets/js/rocket-DvSMAjsL.js":"906cd99fb986e0414a8c64c8f0ae224f222c33b5bd14bc9f9c87e41fd7ebf8fd","/assets/js/Services-CZMLje93.js":"8be8efe8ecef50030a4ac33380faa9d33560489e7f6f58b6e025631fe1a3f48f","/assets/js/Retail-D5Ivb1hM.js":"cb9ab08b7c982b5a08bb6c1b4fcc68a465f863a28edd09454275a6dd7b9ad8a0","/assets/js/Process-BylxbIWy.js":"4fe79db06b1b0e43925c7030aba8e81ad6d8b3b02bdec83fa874f36f2623b309","/assets/js/PrivacyPolicy-B4ZuSqO3.js":"05242c633404e2ae0750ff7326c632385c7ebc2a148f06b442185bfca1a0c6bc","/assets/js/phone-C7MAREfq.js":"cd21b56a9e9222ba8c47f724dfc663b2398ca44ae9a13f4e5230087f1667db23","/assets/js/NotFound-ChJrML9N.js":"43f0221dfadb6c5c28a69029a6cf5a70f7523c9af0ffd9ae4a92e87b607373d0","/assets/js/Methodology-y94M_J46.js":"2e2d055c5ed3baf0b4a652d8bb40999de823b66046c9cad9d9e0847db4c40a93","/assets/js/Manufacturing-D-mCqnP4.js":"eb24b8976249ca02d72bddb16757fdc40cf7774ba66edf5dd7373227c7e688ab","/assets/js/mail-Dx5RVsNM.js":"78778493583b4628c7a42d5c080e55d0b62184d696b6218bbe8390708527b245","/assets/js/Logistics-DsDXbZYU.js":"8e795d23346111b06da66a0a2caa02c5e94d697a02493f3a81b2825598631f9c","/assets/js/linkedin-CtesCW97.js":"cd4c0a35dbcf4238b7254efa41554cfe6bf7af4ae1c45301a8454f4a7803c15a","/assets/js/lightbulb-BUtvYtZR.js":"8c7f9d0eb2b625d5ee4d5bae547367921f5f2cd5b98a1045260d80c88fd2a28d","/assets/js/leaf-09sXDQ7D.js":"2405ec2093ed0c909e2dad5743ade6b717bd28c50fbecbdb00243eabf8cdc307","/assets/js/input-RVHWg32Q.js":"81538ee45d9dbbf8669dab3f3035444ca704f7fe86452327da004d622b4ea1c7","/assets/js/Industries-CDRMH9DF.js":"f6abc6b7c47eef14d886b986517eb3e1a907f124eb563dbe11a3e78f6b2893b3","/assets/js/IndustryDetail-ClpsPQ_y.js":"91de8cb36aa1c068890cae3a2f036a822a6cf56080cd1e1898e91cdcf1cddf4d","/assets/js/Index-DJ2W4I45.js":"1ff7b8c27aa7dbc8e96ba16b7bd6d0426124dab7fd44f3a24fb7887d9cabf41b","/assets/js/house-D3bKj6tC.js":"bc583b570c0715bfbc39a2fbdfb4b0ee7dcdc988d58492a8af74d2453afafa8d","/assets/js/HyvenLeadership-CP3ASIhj.js":"d6915bdc051eb5ca8b60f54628d94fd9ae008984264885606dc4b190c687719f","/assets/js/heart-COKZnpwD.js":"52276e4de118b32a5c0170ecb08f3cf2b8de16e629e9e049b15ab9fc005d18cd","/assets/js/Healthcare-Co_ZZMYw.js":"b211dd9e50094e51b14aac1954ccf1c1b5b778f2b21838a757ee2492a99e6ddd","/assets/js/hard-drive-DeygA58A.js":"e7e04e1323ec395e4e8c9798b804e1d86d04feb44b0cb341ea65f07c8e55f911","/assets/js/graduation-cap-DM5TbZ80.js":"b7412900e56f7a2123cd3c79ceb0260fad0c95e1b7095454201a8a19f19f7cf6","/assets/js/Footer-CY0tpdOk.js":"f378682c21fd056ac6be6d81d0771cbeb9a5d418abb081c5b7f562e63d53ee76","/assets/js/Finance-Cp9O-oUU.js":"1d3cc611fe39ebdf7d62241eb06d58e5b7f222e39babeff0c4117c82871d0d7e","/assets/js/factory-DbX8QT5S.js":"5f27cad68027ef9b7580afa8b25a3aa8ba0bb2500eecd96349bbae860abbf0d5","/assets/js/FAQ-RQlcnhMi.js":"351ad098744b73dbf2e00f08e822b900ee95613e20860319e75a0206d63d7983","/assets/js/Energy-SCsrF3Su.js":"c4c0a4057ee92c9abdad1671ebd373c7ea8b203f8be0f3514bf5aceedd511466","/assets/js/Education-DjPm6Xje.js":"74f28c2cf339a703876d11fab65bbeca57f9f6aab57c86dc069e06c80f9671f4","/assets/js/dollar-sign-DV7D9cc9.js":"f0f9200a761d593443ac4d663cd31f43075104cd7d9c0063c668792707c7fb2d","/assets/js/DigitalDevelopment-8UIFawIb.js":"4ced524f6d544c3c557069c54aaec8eb333cfbc3c23db044bd7bd3690fcdc785","/assets/js/CyberSecurity-B_uVNjr7.js":"ab45ad78027fa7bab4f679dddfe94ed2d98ff9df416e6b2fe45a01a498ed3fcd","/assets/js/ComingSoon-BUmCWUGD.js":"fd23ebea0200e0dceb34eec2b919a2d09b34a897f9b1adaa316aba3fbbbef65c","/assets/js/circle-check-big-DiCXQgT2.js":"1cb854662be7639bfa1b086fcd0cb139301e9ab06b0f4b32fb5a8bf47353cc51","/assets/js/code-D4e-vZ5u.js":"6f59311eca8d5c0ed78f34568e411528f3b6e3ceb394a9b47aaa8c85f1e0371c","/assets/js/Careers-BxWrPiMn.js":"55c998e79dc232226a3248c99d0335ea1007cc465f28cff5404a29e4d9898e2f","/assets/js/card-1EyRaU2X.js":"193d518d367e36d5fce2532a332a760963250ebf39f268687984b8d5a22fb2bd","/assets/js/calculator-SE7N3RJ5.js":"276aa2a8d8e04feb6299fb89c7a425d4f3a532e4dc74fda8cf0d7093c710228e","/assets/js/Contact-DL7G5xDP.js":"5fa85d6729442f54c760e2eeabfad0973dbd726e5b2eabda9d0ea298b59f199a","/assets/js/bot-DfBHEA7T.js":"da3e1b986ca33d37ba35bfd754cd15878c764d0c9a18df929ac0d9cbf11195af","/assets/js/BottomNavigation-BFU3Vd_j.js":"2397c70e4dfd59ff12d21deb8b2bc8d5948df5b6c76840bee07b81e3288c8a37","/assets/js/award-DBwX8000.js":"5ae2b90f5d299e1b3d318a5a8633ed489e4b8a48352dd7e5f58bd6b505e0d415","/assets/js/AIServices-BfQFVI-7.js":"0ef2e008585f27d1e5558183b1cca570214918b114b987816acb593b724db993","/assets/js/AccountingSystems-CY0D2T7g.js":"2cae7fff11f6bf67c405273f7dc1cd3cd9bf5ee6de77eee406888d56a95aee6c","/assets/js/About-C4FWBQJw.js":"7dab112d9919479d0b1244cdcbe0f9461b7d127975237e8721032277b56155c0","/assets/js/AboutUsDetailed-C08rsXbg.js":"18cf494d968027d248cea24b86aa6ba5a75619d6154a303b5e42a3bcd37e20d1","/assets/js/ChatBot-BqJpUTmb.js":"d37c640eb85b1912abe572b7f52ff9f82279b2fc39d7aa79499077189b98c30d","/assets/css/index-BThKQCKh.css":"60e0177e26ab3f9d4b7b869cf5b282f3a2753898561d33164c99a7db8be6fffc","/assets/js/index-Dbgchv5L.js":"87b362c6506dff300b1ecc8708d843d321353b4a072eb4949b4125be643b301e"}}
[debug] [2025-12-04T21:33:09.056Z] <<< [apiv2][status] POST https://firebasehosting.googleapis.com/v1beta1/projects/313786467460/sites/hyventechjo/versions/51d574f5cf94d98f:populateFiles 200
[debug] [2025-12-04T21:33:09.056Z] <<< [apiv2][body] POST https://firebasehosting.googleapis.com/v1beta1/projects/313786467460/sites/hyventechjo/versions/51d574f5cf94d98f:populateFiles {"uploadRequiredHashes":["fd23ebea0200e0dceb34eec2b919a2d09b34a897f9b1adaa316aba3fbbbef65c","0497782f30407d6f0bf57039c998642cb4cdfe381fb29dc686a19644d7328814","91de8cb36aa1c068890cae3a2f036a822a6cf56080cd1e1898e91cdcf1cddf4d","d6915bdc051eb5ca8b60f54628d94fd9ae008984264885606dc4b190c687719f","b211dd9e50094e51b14aac1954ccf1c1b5b778f2b21838a757ee2492a99e6ddd","cd21b56a9e9222ba8c47f724dfc663b2398ca44ae9a13f4e5230087f1667db23","f85cc4fc34c3fec74d0eeb950ae28c2228b39ecb7811dd3927002ad1e23a5531","55c998e79dc232226a3248c99d0335ea1007cc465f28cff5404a29e4d9898e2f","1d3cc611fe39ebdf7d62241eb06d58e5b7f222e39babeff0c4117c82871d0d7e","d37c640eb85b1912abe572b7f52ff9f82279b2fc39d7aa79499077189b98c30d","8e795d23346111b06da66a0a2caa02c5e94d697a02493f3a81b2825598631f9c","bee09da22ae31a2486320ae56e856a4b2365810dfa45d9a004a4950029f1d16f","cb9ab08b7c982b5a08bb6c1b4fcc68a465f863a28edd09454275a6dd7b9ad8a0","78778493583b4628c7a42d5c080e55d0b62184d696b6218bbe8390708527b245","b7412900e56f7a2123cd3c79ceb0260fad0c95e1b7095454201a8a19f19f7cf6","906cd99fb986e0414a8c64c8f0ae224f222c33b5bd14bc9f9c87e41fd7ebf8fd","18cf494d968027d248cea24b86aa6ba5a75619d6154a303b5e42a3bcd37e20d1","cd4c0a35dbcf4238b7254efa41554cfe6bf7af4ae1c45301a8454f4a7803c15a","2763493bd5c3cdb3ef40d822676ebe9e9ec846a8bda923649eb8bd0d3ea7b437","7823bb9287a9df918d718ee620b73ae80081baba9f206b678b4dc052419570f1","9bde23e4d3f7be151eb8742e52168417d1a1ce38cfdb8961fc6f8452c6309a9c","1ff7b8c27aa7dbc8e96ba16b7bd6d0426124dab7fd44f3a24fb7887d9cabf41b","0ef2e008585f27d1e5558183b1cca570214918b114b987816acb593b724db993","52276e4de118b32a5c0170ecb08f3cf2b8de16e629e9e049b15ab9fc005d18cd","6b93ee54161182cab6b0bdd20c89f012ec18bac07333d26bbe992ab25635fc53","33c3b30e52ca6ddbaa4ab12f923b45ca7faeba7e2eda81e8fa69f312b93899f6","cfec9b36a392043d44e89c662af3a1ba89841444d2adda7ff039255348e71638","43f0221dfadb6c5c28a69029a6cf5a70f7523c9af0ffd9ae4a92e87b607373d0","ab45ad78027fa7bab4f679dddfe94ed2d98ff9df416e6b2fe45a01a498ed3fcd","c4c0a4057ee92c9abdad1671ebd373c7ea8b203f8be0f3514bf5aceedd511466","8be8efe8ecef50030a4ac33380faa9d33560489e7f6f58b6e025631fe1a3f48f","5fa85d6729442f54c760e2eeabfad0973dbd726e5b2eabda9d0ea298b59f199a","87b362c6506dff300b1ecc8708d843d321353b4a072eb4949b4125be643b301e","6f59311eca8d5c0ed78f34568e411528f3b6e3ceb394a9b47aaa8c85f1e0371c","f0f9200a761d593443ac4d663cd31f43075104cd7d9c0063c668792707c7fb2d","2e2d055c5ed3baf0b4a652d8bb40999de823b66046c9cad9d9e0847db4c40a93","81538ee45d9dbbf8669dab3f3035444ca704f7fe86452327da004d622b4ea1c7","2cae7fff11f6bf67c405273f7dc1cd3cd9bf5ee6de77eee406888d56a95aee6c","a215ae92df07e33047fb8195296a4ddc297c6defe82b32d3460f1754d07a129e","351ad098744b73dbf2e00f08e822b900ee95613e20860319e75a0206d63d7983","7dab112d9919479d0b1244cdcbe0f9461b7d127975237e8721032277b56155c0","b1974da50916bc23a21454d26b2607350a085e8aa46fbb02ed241036deeff118","76f90604df7bfffb3ab82db56049fe9cf878bbee5a8cdd03885dbad006fd35c6","193d518d367e36d5fce2532a332a760963250ebf39f268687984b8d5a22fb2bd","8c7f9d0eb2b625d5ee4d5bae547367921f5f2cd5b98a1045260d80c88fd2a28d","b85af894a99f2829aa7fc950923eea4b58455bc05362bdc5ce7927f667a60e1b","88c22a59a7a44031d28e2ffb7a6fa24d1b75b4a04f937e334ad2b2a3aeed3103","4ced524f6d544c3c557069c54aaec8eb333cfbc3c23db044bd7bd3690fcdc785","2405ec2093ed0c909e2dad5743ade6b717bd28c50fbecbdb00243eabf8cdc307","f6abc6b7c47eef14d886b986517eb3e1a907f124eb563dbe11a3e78f6b2893b3","60e0177e26ab3f9d4b7b869cf5b282f3a2753898561d33164c99a7db8be6fffc","5ae2b90f5d299e1b3d318a5a8633ed489e4b8a48352dd7e5f58bd6b505e0d415","eb24b8976249ca02d72bddb16757fdc40cf7774ba66edf5dd7373227c7e688ab","2397c70e4dfd59ff12d21deb8b2bc8d5948df5b6c76840bee07b81e3288c8a37","40f6ac7fc527e0ae9308e2ce60c0321af797c64a8c219926e8952db064e1f570","841ffd4065f37d285051845935e91feed8b4b5a32ceaa34c4cc10937be88532d","5ef1d001e89504535080c3cef185bbdc8bb595e221ec1dee54a50193ce64aaa3","05242c633404e2ae0750ff7326c632385c7ebc2a148f06b442185bfca1a0c6bc","276aa2a8d8e04feb6299fb89c7a425d4f3a532e4dc74fda8cf0d7093c710228e","4fe79db06b1b0e43925c7030aba8e81ad6d8b3b02bdec83fa874f36f2623b309","e7e04e1323ec395e4e8c9798b804e1d86d04feb44b0cb341ea65f07c8e55f911","5f27cad68027ef9b7580afa8b25a3aa8ba0bb2500eecd96349bbae860abbf0d5","1cb854662be7639bfa1b086fcd0cb139301e9ab06b0f4b32fb5a8bf47353cc51","7f96546349b48083032ee17f1de91a609d08fdc46b7f96c1e420b0b4ca1635f6","bc583b570c0715bfbc39a2fbdfb4b0ee7dcdc988d58492a8af74d2453afafa8d","74f28c2cf339a703876d11fab65bbeca57f9f6aab57c86dc069e06c80f9671f4","da3e1b986ca33d37ba35bfd754cd15878c764d0c9a18df929ac0d9cbf11195af","f378682c21fd056ac6be6d81d0771cbeb9a5d418abb081c5b7f562e63d53ee76"],"uploadUrl":"https://upload-firebasehosting.googleapis.com/upload/sites/hyventechjo/versions/51d574f5cf94d98f/files"}
[debug] [2025-12-04T21:33:09.056Z] Checked if tokens are valid: true, expires at: 1764887584959
[debug] [2025-12-04T21:33:09.056Z] Checked if tokens are valid: true, expires at: 1764887584959
[debug] [2025-12-04T21:33:09.057Z] Checked if tokens are valid: true, expires at: 1764887584959
[debug] [2025-12-04T21:33:09.057Z] Checked if tokens are valid: true, expires at: 1764887584959
[debug] [2025-12-04T21:33:09.057Z] Checked if tokens are valid: true, expires at: 1764887584959
[debug] [2025-12-04T21:33:09.057Z] Checked if tokens are valid: true, expires at: 1764887584959
[debug] [2025-12-04T21:33:09.057Z] Checked if tokens are valid: true, expires at: 1764887584959
[debug] [2025-12-04T21:33:09.057Z] Checked if tokens are valid: true, expires at: 1764887584959
[debug] [2025-12-04T21:33:09.057Z] Checked if tokens are valid: true, expires at: 1764887584959
[debug] [2025-12-04T21:33:09.057Z] Checked if tokens are valid: true, expires at: 1764887584959
[debug] [2025-12-04T21:33:09.057Z] Checked if tokens are valid: true, expires at: 1764887584959
[debug] [2025-12-04T21:33:09.057Z] Checked if tokens are valid: true, expires at: 1764887584959
[debug] [2025-12-04T21:33:09.058Z] Checked if tokens are valid: true, expires at: 1764887584959
[debug] [2025-12-04T21:33:09.058Z] Checked if tokens are valid: true, expires at: 1764887584959
[debug] [2025-12-04T21:33:09.058Z] Checked if tokens are valid: true, expires at: 1764887584959
[debug] [2025-12-04T21:33:09.058Z] Checked if tokens are valid: true, expires at: 1764887584959
[debug] [2025-12-04T21:33:09.058Z] Checked if tokens are valid: true, expires at: 1764887584959
[debug] [2025-12-04T21:33:09.058Z] Checked if tokens are valid: true, expires at: 1764887584959
[debug] [2025-12-04T21:33:09.058Z] Checked if tokens are valid: true, expires at: 1764887584959
[debug] [2025-12-04T21:33:09.058Z] Checked if tokens are valid: true, expires at: 1764887584959
[debug] [2025-12-04T21:33:09.058Z] Checked if tokens are valid: true, expires at: 1764887584959
[debug] [2025-12-04T21:33:09.059Z] Checked if tokens are valid: true, expires at: 1764887584959
[debug] [2025-12-04T21:33:09.059Z] Checked if tokens are valid: true, expires at: 1764887584959
[debug] [2025-12-04T21:33:09.059Z] Checked if tokens are valid: true, expires at: 1764887584959
[debug] [2025-12-04T21:33:09.059Z] Checked if tokens are valid: true, expires at: 1764887584959
[debug] [2025-12-04T21:33:09.059Z] Checked if tokens are valid: true, expires at: 1764887584959
[debug] [2025-12-04T21:33:09.059Z] Checked if tokens are valid: true, expires at: 1764887584959
[debug] [2025-12-04T21:33:09.059Z] Checked if tokens are valid: true, expires at: 1764887584959
[debug] [2025-12-04T21:33:09.059Z] Checked if tokens are valid: true, expires at: 1764887584959
[debug] [2025-12-04T21:33:09.059Z] Checked if tokens are valid: true, expires at: 1764887584959
[debug] [2025-12-04T21:33:09.059Z] Checked if tokens are valid: true, expires at: 1764887584959
[debug] [2025-12-04T21:33:09.059Z] Checked if tokens are valid: true, expires at: 1764887584959
[debug] [2025-12-04T21:33:09.059Z] Checked if tokens are valid: true, expires at: 1764887584959
[debug] [2025-12-04T21:33:09.059Z] Checked if tokens are valid: true, expires at: 1764887584959
[debug] [2025-12-04T21:33:09.059Z] Checked if tokens are valid: true, expires at: 1764887584959
[debug] [2025-12-04T21:33:09.059Z] Checked if tokens are valid: true, expires at: 1764887584959
[debug] [2025-12-04T21:33:09.060Z] Checked if tokens are valid: true, expires at: 1764887584959
[debug] [2025-12-04T21:33:09.060Z] Checked if tokens are valid: true, expires at: 1764887584959
[debug] [2025-12-04T21:33:09.060Z] Checked if tokens are valid: true, expires at: 1764887584959
[debug] [2025-12-04T21:33:09.060Z] Checked if tokens are valid: true, expires at: 1764887584959
[debug] [2025-12-04T21:33:09.060Z] Checked if tokens are valid: true, expires at: 1764887584959
[debug] [2025-12-04T21:33:09.060Z] Checked if tokens are valid: true, expires at: 1764887584959
[debug] [2025-12-04T21:33:09.060Z] Checked if tokens are valid: true, expires at: 1764887584959
[debug] [2025-12-04T21:33:09.060Z] Checked if tokens are valid: true, expires at: 1764887584959
[debug] [2025-12-04T21:33:09.060Z] Checked if tokens are valid: true, expires at: 1764887584959
[debug] [2025-12-04T21:33:09.060Z] Checked if tokens are valid: true, expires at: 1764887584959
[debug] [2025-12-04T21:33:09.060Z] Checked if tokens are valid: true, expires at: 1764887584959
[debug] [2025-12-04T21:33:09.060Z] Checked if tokens are valid: true, expires at: 1764887584959
[debug] [2025-12-04T21:33:09.060Z] Checked if tokens are valid: true, expires at: 1764887584959
[debug] [2025-12-04T21:33:09.060Z] Checked if tokens are valid: true, expires at: 1764887584959
[debug] [2025-12-04T21:33:09.061Z] Checked if tokens are valid: true, expires at: 1764887584959
[debug] [2025-12-04T21:33:09.061Z] Checked if tokens are valid: true, expires at: 1764887584959
[debug] [2025-12-04T21:33:09.061Z] Checked if tokens are valid: true, expires at: 1764887584959
[debug] [2025-12-04T21:33:09.061Z] Checked if tokens are valid: true, expires at: 1764887584959
[debug] [2025-12-04T21:33:09.061Z] Checked if tokens are valid: true, expires at: 1764887584959
[debug] [2025-12-04T21:33:09.061Z] Checked if tokens are valid: true, expires at: 1764887584959
[debug] [2025-12-04T21:33:09.061Z] Checked if tokens are valid: true, expires at: 1764887584959
[debug] [2025-12-04T21:33:09.061Z] Checked if tokens are valid: true, expires at: 1764887584959
[debug] [2025-12-04T21:33:09.061Z] Checked if tokens are valid: true, expires at: 1764887584959
[debug] [2025-12-04T21:33:09.061Z] Checked if tokens are valid: true, expires at: 1764887584959
[debug] [2025-12-04T21:33:09.061Z] Checked if tokens are valid: true, expires at: 1764887584959
[debug] [2025-12-04T21:33:09.061Z] Checked if tokens are valid: true, expires at: 1764887584959
[debug] [2025-12-04T21:33:09.061Z] Checked if tokens are valid: true, expires at: 1764887584959
[debug] [2025-12-04T21:33:09.061Z] Checked if tokens are valid: true, expires at: 1764887584959
[debug] [2025-12-04T21:33:09.062Z] Checked if tokens are valid: true, expires at: 1764887584959
[debug] [2025-12-04T21:33:09.062Z] Checked if tokens are valid: true, expires at: 1764887584959
[debug] [2025-12-04T21:33:09.062Z] Checked if tokens are valid: true, expires at: 1764887584959
[debug] [2025-12-04T21:33:09.062Z] Checked if tokens are valid: true, expires at: 1764887584959
[debug] [2025-12-04T21:33:09.062Z] Checked if tokens are valid: true, expires at: 1764887584959
[debug] [2025-12-04T21:33:09.062Z] Checked if tokens are valid: true, expires at: 1764887584959
[debug] [2025-12-04T21:33:09.062Z] Checked if tokens are valid: true, expires at: 1764887584959
[debug] [2025-12-04T21:33:09.062Z] Checked if tokens are valid: true, expires at: 1764887584959
[debug] [2025-12-04T21:33:09.062Z] Checked if tokens are valid: true, expires at: 1764887584959
[debug] [2025-12-04T21:33:09.062Z] Checked if tokens are valid: true, expires at: 1764887584959
[debug] [2025-12-04T21:33:09.062Z] Checked if tokens are valid: true, expires at: 1764887584959
[debug] [2025-12-04T21:33:09.062Z] Checked if tokens are valid: true, expires at: 1764887584959
[debug] [2025-12-04T21:33:09.062Z] Checked if tokens are valid: true, expires at: 1764887584959
[debug] [2025-12-04T21:33:09.062Z] Checked if tokens are valid: true, expires at: 1764887584959
[debug] [2025-12-04T21:33:09.063Z] Checked if tokens are valid: true, expires at: 1764887584959
[debug] [2025-12-04T21:33:09.063Z] Checked if tokens are valid: true, expires at: 1764887584959
[debug] [2025-12-04T21:33:09.063Z] Checked if tokens are valid: true, expires at: 1764887584959
[debug] [2025-12-04T21:33:09.063Z] Checked if tokens are valid: true, expires at: 1764887584959
[debug] [2025-12-04T21:33:09.063Z] Checked if tokens are valid: true, expires at: 1764887584959
[debug] [2025-12-04T21:33:09.063Z] Checked if tokens are valid: true, expires at: 1764887584959
[debug] [2025-12-04T21:33:09.063Z] Checked if tokens are valid: true, expires at: 1764887584959
[debug] [2025-12-04T21:33:09.063Z] Checked if tokens are valid: true, expires at: 1764887584959
[debug] [2025-12-04T21:33:09.063Z] Checked if tokens are valid: true, expires at: 1764887584959
[debug] [2025-12-04T21:33:09.063Z] Checked if tokens are valid: true, expires at: 1764887584959
[debug] [2025-12-04T21:33:09.063Z] Checked if tokens are valid: true, expires at: 1764887584959
[debug] [2025-12-04T21:33:09.063Z] Checked if tokens are valid: true, expires at: 1764887584959
[debug] [2025-12-04T21:33:09.063Z] Checked if tokens are valid: true, expires at: 1764887584959
[debug] [2025-12-04T21:33:09.064Z] Checked if tokens are valid: true, expires at: 1764887584959
[debug] [2025-12-04T21:33:09.064Z] Checked if tokens are valid: true, expires at: 1764887584959
[debug] [2025-12-04T21:33:09.064Z] Checked if tokens are valid: true, expires at: 1764887584959
[debug] [2025-12-04T21:33:09.064Z] Checked if tokens are valid: true, expires at: 1764887584959
[debug] [2025-12-04T21:33:09.064Z] Checked if tokens are valid: true, expires at: 1764887584959
[debug] [2025-12-04T21:33:09.064Z] Checked if tokens are valid: true, expires at: 1764887584959
[debug] [2025-12-04T21:33:09.064Z] Checked if tokens are valid: true, expires at: 1764887584959
[debug] [2025-12-04T21:33:09.064Z] Checked if tokens are valid: true, expires at: 1764887584959
[debug] [2025-12-04T21:33:09.064Z] Checked if tokens are valid: true, expires at: 1764887584959
[debug] [2025-12-04T21:33:09.064Z] Checked if tokens are valid: true, expires at: 1764887584959
[debug] [2025-12-04T21:33:09.064Z] Checked if tokens are valid: true, expires at: 1764887584959
[debug] [2025-12-04T21:33:09.064Z] Checked if tokens are valid: true, expires at: 1764887584959
[debug] [2025-12-04T21:33:09.064Z] Checked if tokens are valid: true, expires at: 1764887584959
[debug] [2025-12-04T21:33:09.065Z] Checked if tokens are valid: true, expires at: 1764887584959
[debug] [2025-12-04T21:33:09.065Z] Checked if tokens are valid: true, expires at: 1764887584959
[debug] [2025-12-04T21:33:09.065Z] Checked if tokens are valid: true, expires at: 1764887584959
[debug] [2025-12-04T21:33:09.065Z] Checked if tokens are valid: true, expires at: 1764887584959
[debug] [2025-12-04T21:33:09.065Z] Checked if tokens are valid: true, expires at: 1764887584959
[debug] [2025-12-04T21:33:09.065Z] Checked if tokens are valid: true, expires at: 1764887584959
[debug] [2025-12-04T21:33:09.065Z] Checked if tokens are valid: true, expires at: 1764887584959
[debug] [2025-12-04T21:33:09.065Z] Checked if tokens are valid: true, expires at: 1764887584959
[debug] [2025-12-04T21:33:09.065Z] Checked if tokens are valid: true, expires at: 1764887584959
[debug] [2025-12-04T21:33:09.065Z] Checked if tokens are valid: true, expires at: 1764887584959
[debug] [2025-12-04T21:33:09.065Z] Checked if tokens are valid: true, expires at: 1764887584959
[debug] [2025-12-04T21:33:09.065Z] Checked if tokens are valid: true, expires at: 1764887584959
[debug] [2025-12-04T21:33:09.066Z] Checked if tokens are valid: true, expires at: 1764887584959
[debug] [2025-12-04T21:33:09.066Z] Checked if tokens are valid: true, expires at: 1764887584959
[debug] [2025-12-04T21:33:09.066Z] Checked if tokens are valid: true, expires at: 1764887584959
[debug] [2025-12-04T21:33:09.066Z] Checked if tokens are valid: true, expires at: 1764887584959
[debug] [2025-12-04T21:33:09.066Z] Checked if tokens are valid: true, expires at: 1764887584959
[debug] [2025-12-04T21:33:09.066Z] Checked if tokens are valid: true, expires at: 1764887584959
[debug] [2025-12-04T21:33:09.066Z] Checked if tokens are valid: true, expires at: 1764887584959
[debug] [2025-12-04T21:33:09.066Z] Checked if tokens are valid: true, expires at: 1764887584959
[debug] [2025-12-04T21:33:09.066Z] Checked if tokens are valid: true, expires at: 1764887584959
[debug] [2025-12-04T21:33:09.066Z] Checked if tokens are valid: true, expires at: 1764887584959
[debug] [2025-12-04T21:33:09.067Z] Checked if tokens are valid: true, expires at: 1764887584959
[debug] [2025-12-04T21:33:09.067Z] Checked if tokens are valid: true, expires at: 1764887584959
[debug] [2025-12-04T21:33:09.067Z] Checked if tokens are valid: true, expires at: 1764887584959
[debug] [2025-12-04T21:33:09.067Z] Checked if tokens are valid: true, expires at: 1764887584959
[debug] [2025-12-04T21:33:09.067Z] Checked if tokens are valid: true, expires at: 1764887584959
[debug] [2025-12-04T21:33:09.067Z] Checked if tokens are valid: true, expires at: 1764887584959
[debug] [2025-12-04T21:33:09.067Z] Checked if tokens are valid: true, expires at: 1764887584959
[debug] [2025-12-04T21:33:09.067Z] Checked if tokens are valid: true, expires at: 1764887584959
[debug] [2025-12-04T21:33:09.067Z] Checked if tokens are valid: true, expires at: 1764887584959
[debug] [2025-12-04T21:33:09.067Z] Checked if tokens are valid: true, expires at: 1764887584959
[debug] [2025-12-04T21:33:09.067Z] >>> [apiv2][query] POST https://upload-firebasehosting.googleapis.com/upload/sites/hyventechjo/versions/51d574f5cf94d98f/files/fd23ebea0200e0dceb34eec2b919a2d09b34a897f9b1adaa316aba3fbbbef65c [none]
[debug] [2025-12-04T21:33:09.068Z] >>> [apiv2][body] POST https://upload-firebasehosting.googleapis.com/upload/sites/hyventechjo/versions/51d574f5cf94d98f/files/fd23ebea0200e0dceb34eec2b919a2d09b34a897f9b1adaa316aba3fbbbef65c [stream]
[debug] [2025-12-04T21:33:09.069Z] >>> [apiv2][query] POST https://upload-firebasehosting.googleapis.com/upload/sites/hyventechjo/versions/51d574f5cf94d98f/files/0497782f30407d6f0bf57039c998642cb4cdfe381fb29dc686a19644d7328814 [none]
[debug] [2025-12-04T21:33:09.069Z] >>> [apiv2][body] POST https://upload-firebasehosting.googleapis.com/upload/sites/hyventechjo/versions/51d574f5cf94d98f/files/0497782f30407d6f0bf57039c998642cb4cdfe381fb29dc686a19644d7328814 [stream]
[debug] [2025-12-04T21:33:09.070Z] >>> [apiv2][query] POST https://upload-firebasehosting.googleapis.com/upload/sites/hyventechjo/versions/51d574f5cf94d98f/files/91de8cb36aa1c068890cae3a2f036a822a6cf56080cd1e1898e91cdcf1cddf4d [none]
[debug] [2025-12-04T21:33:09.070Z] >>> [apiv2][body] POST https://upload-firebasehosting.googleapis.com/upload/sites/hyventechjo/versions/51d574f5cf94d98f/files/91de8cb36aa1c068890cae3a2f036a822a6cf56080cd1e1898e91cdcf1cddf4d [stream]
[debug] [2025-12-04T21:33:09.071Z] >>> [apiv2][query] POST https://upload-firebasehosting.googleapis.com/upload/sites/hyventechjo/versions/51d574f5cf94d98f/files/d6915bdc051eb5ca8b60f54628d94fd9ae008984264885606dc4b190c687719f [none]
[debug] [2025-12-04T21:33:09.071Z] >>> [apiv2][body] POST https://upload-firebasehosting.googleapis.com/upload/sites/hyventechjo/versions/51d574f5cf94d98f/files/d6915bdc051eb5ca8b60f54628d94fd9ae008984264885606dc4b190c687719f [stream]
[debug] [2025-12-04T21:33:09.073Z] >>> [apiv2][query] POST https://upload-firebasehosting.googleapis.com/upload/sites/hyventechjo/versions/51d574f5cf94d98f/files/b211dd9e50094e51b14aac1954ccf1c1b5b778f2b21838a757ee2492a99e6ddd [none]
[debug] [2025-12-04T21:33:09.073Z] >>> [apiv2][body] POST https://upload-firebasehosting.googleapis.com/upload/sites/hyventechjo/versions/51d574f5cf94d98f/files/b211dd9e50094e51b14aac1954ccf1c1b5b778f2b21838a757ee2492a99e6ddd [stream]
[debug] [2025-12-04T21:33:09.074Z] >>> [apiv2][query] POST https://upload-firebasehosting.googleapis.com/upload/sites/hyventechjo/versions/51d574f5cf94d98f/files/cd21b56a9e9222ba8c47f724dfc663b2398ca44ae9a13f4e5230087f1667db23 [none]
[debug] [2025-12-04T21:33:09.074Z] >>> [apiv2][body] POST https://upload-firebasehosting.googleapis.com/upload/sites/hyventechjo/versions/51d574f5cf94d98f/files/cd21b56a9e9222ba8c47f724dfc663b2398ca44ae9a13f4e5230087f1667db23 [stream]
[debug] [2025-12-04T21:33:09.075Z] >>> [apiv2][query] POST https://upload-firebasehosting.googleapis.com/upload/sites/hyventechjo/versions/51d574f5cf94d98f/files/f85cc4fc34c3fec74d0eeb950ae28c2228b39ecb7811dd3927002ad1e23a5531 [none]
[debug] [2025-12-04T21:33:09.075Z] >>> [apiv2][body] POST https://upload-firebasehosting.googleapis.com/upload/sites/hyventechjo/versions/51d574f5cf94d98f/files/f85cc4fc34c3fec74d0eeb950ae28c2228b39ecb7811dd3927002ad1e23a5531 [stream]
[debug] [2025-12-04T21:33:09.075Z] >>> [apiv2][query] POST https://upload-firebasehosting.googleapis.com/upload/sites/hyventechjo/versions/51d574f5cf94d98f/files/55c998e79dc232226a3248c99d0335ea1007cc465f28cff5404a29e4d9898e2f [none]
[debug] [2025-12-04T21:33:09.075Z] >>> [apiv2][body] POST https://upload-firebasehosting.googleapis.com/upload/sites/hyventechjo/versions/51d574f5cf94d98f/files/55c998e79dc232226a3248c99d0335ea1007cc465f28cff5404a29e4d9898e2f [stream]
[debug] [2025-12-04T21:33:09.076Z] >>> [apiv2][query] POST https://upload-firebasehosting.googleapis.com/upload/sites/hyventechjo/versions/51d574f5cf94d98f/files/1d3cc611fe39ebdf7d62241eb06d58e5b7f222e39babeff0c4117c82871d0d7e [none]
[debug] [2025-12-04T21:33:09.076Z] >>> [apiv2][body] POST https://upload-firebasehosting.googleapis.com/upload/sites/hyventechjo/versions/51d574f5cf94d98f/files/1d3cc611fe39ebdf7d62241eb06d58e5b7f222e39babeff0c4117c82871d0d7e [stream]
[debug] [2025-12-04T21:33:09.077Z] >>> [apiv2][query] POST https://upload-firebasehosting.googleapis.com/upload/sites/hyventechjo/versions/51d574f5cf94d98f/files/d37c640eb85b1912abe572b7f52ff9f82279b2fc39d7aa79499077189b98c30d [none]
[debug] [2025-12-04T21:33:09.077Z] >>> [apiv2][body] POST https://upload-firebasehosting.googleapis.com/upload/sites/hyventechjo/versions/51d574f5cf94d98f/files/d37c640eb85b1912abe572b7f52ff9f82279b2fc39d7aa79499077189b98c30d [stream]
[debug] [2025-12-04T21:33:09.077Z] >>> [apiv2][query] POST https://upload-firebasehosting.googleapis.com/upload/sites/hyventechjo/versions/51d574f5cf94d98f/files/8e795d23346111b06da66a0a2caa02c5e94d697a02493f3a81b2825598631f9c [none]
[debug] [2025-12-04T21:33:09.077Z] >>> [apiv2][body] POST https://upload-firebasehosting.googleapis.com/upload/sites/hyventechjo/versions/51d574f5cf94d98f/files/8e795d23346111b06da66a0a2caa02c5e94d697a02493f3a81b2825598631f9c [stream]
[debug] [2025-12-04T21:33:09.078Z] >>> [apiv2][query] POST https://upload-firebasehosting.googleapis.com/upload/sites/hyventechjo/versions/51d574f5cf94d98f/files/bee09da22ae31a2486320ae56e856a4b2365810dfa45d9a004a4950029f1d16f [none]
[debug] [2025-12-04T21:33:09.078Z] >>> [apiv2][body] POST https://upload-firebasehosting.googleapis.com/upload/sites/hyventechjo/versions/51d574f5cf94d98f/files/bee09da22ae31a2486320ae56e856a4b2365810dfa45d9a004a4950029f1d16f [stream]
[debug] [2025-12-04T21:33:09.079Z] >>> [apiv2][query] POST https://upload-firebasehosting.googleapis.com/upload/sites/hyventechjo/versions/51d574f5cf94d98f/files/cb9ab08b7c982b5a08bb6c1b4fcc68a465f863a28edd09454275a6dd7b9ad8a0 [none]
[debug] [2025-12-04T21:33:09.079Z] >>> [apiv2][body] POST https://upload-firebasehosting.googleapis.com/upload/sites/hyventechjo/versions/51d574f5cf94d98f/files/cb9ab08b7c982b5a08bb6c1b4fcc68a465f863a28edd09454275a6dd7b9ad8a0 [stream]
[debug] [2025-12-04T21:33:09.080Z] >>> [apiv2][query] POST https://upload-firebasehosting.googleapis.com/upload/sites/hyventechjo/versions/51d574f5cf94d98f/files/78778493583b4628c7a42d5c080e55d0b62184d696b6218bbe8390708527b245 [none]
[debug] [2025-12-04T21:33:09.080Z] >>> [apiv2][body] POST https://upload-firebasehosting.googleapis.com/upload/sites/hyventechjo/versions/51d574f5cf94d98f/files/78778493583b4628c7a42d5c080e55d0b62184d696b6218bbe8390708527b245 [stream]
[debug] [2025-12-04T21:33:09.081Z] >>> [apiv2][query] POST https://upload-firebasehosting.googleapis.com/upload/sites/hyventechjo/versions/51d574f5cf94d98f/files/b7412900e56f7a2123cd3c79ceb0260fad0c95e1b7095454201a8a19f19f7cf6 [none]
[debug] [2025-12-04T21:33:09.081Z] >>> [apiv2][body] POST https://upload-firebasehosting.googleapis.com/upload/sites/hyventechjo/versions/51d574f5cf94d98f/files/b7412900e56f7a2123cd3c79ceb0260fad0c95e1b7095454201a8a19f19f7cf6 [stream]
[debug] [2025-12-04T21:33:09.081Z] >>> [apiv2][query] POST https://upload-firebasehosting.googleapis.com/upload/sites/hyventechjo/versions/51d574f5cf94d98f/files/906cd99fb986e0414a8c64c8f0ae224f222c33b5bd14bc9f9c87e41fd7ebf8fd [none]
[debug] [2025-12-04T21:33:09.081Z] >>> [apiv2][body] POST https://upload-firebasehosting.googleapis.com/upload/sites/hyventechjo/versions/51d574f5cf94d98f/files/906cd99fb986e0414a8c64c8f0ae224f222c33b5bd14bc9f9c87e41fd7ebf8fd [stream]
[debug] [2025-12-04T21:33:09.082Z] >>> [apiv2][query] POST https://upload-firebasehosting.googleapis.com/upload/sites/hyventechjo/versions/51d574f5cf94d98f/files/18cf494d968027d248cea24b86aa6ba5a75619d6154a303b5e42a3bcd37e20d1 [none]
[debug] [2025-12-04T21:33:09.082Z] >>> [apiv2][body] POST https://upload-firebasehosting.googleapis.com/upload/sites/hyventechjo/versions/51d574f5cf94d98f/files/18cf494d968027d248cea24b86aa6ba5a75619d6154a303b5e42a3bcd37e20d1 [stream]
[debug] [2025-12-04T21:33:09.083Z] >>> [apiv2][query] POST https://upload-firebasehosting.googleapis.com/upload/sites/hyventechjo/versions/51d574f5cf94d98f/files/cd4c0a35dbcf4238b7254efa41554cfe6bf7af4ae1c45301a8454f4a7803c15a [none]
[debug] [2025-12-04T21:33:09.083Z] >>> [apiv2][body] POST https://upload-firebasehosting.googleapis.com/upload/sites/hyventechjo/versions/51d574f5cf94d98f/files/cd4c0a35dbcf4238b7254efa41554cfe6bf7af4ae1c45301a8454f4a7803c15a [stream]
[debug] [2025-12-04T21:33:09.084Z] >>> [apiv2][query] POST https://upload-firebasehosting.googleapis.com/upload/sites/hyventechjo/versions/51d574f5cf94d98f/files/2763493bd5c3cdb3ef40d822676ebe9e9ec846a8bda923649eb8bd0d3ea7b437 [none]
[debug] [2025-12-04T21:33:09.084Z] >>> [apiv2][body] POST https://upload-firebasehosting.googleapis.com/upload/sites/hyventechjo/versions/51d574f5cf94d98f/files/2763493bd5c3cdb3ef40d822676ebe9e9ec846a8bda923649eb8bd0d3ea7b437 [stream]
[debug] [2025-12-04T21:33:09.084Z] >>> [apiv2][query] POST https://upload-firebasehosting.googleapis.com/upload/sites/hyventechjo/versions/51d574f5cf94d98f/files/7823bb9287a9df918d718ee620b73ae80081baba9f206b678b4dc052419570f1 [none]
[debug] [2025-12-04T21:33:09.084Z] >>> [apiv2][body] POST https://upload-firebasehosting.googleapis.com/upload/sites/hyventechjo/versions/51d574f5cf94d98f/files/7823bb9287a9df918d718ee620b73ae80081baba9f206b678b4dc052419570f1 [stream]
[debug] [2025-12-04T21:33:09.085Z] >>> [apiv2][query] POST https://upload-firebasehosting.googleapis.com/upload/sites/hyventechjo/versions/51d574f5cf94d98f/files/9bde23e4d3f7be151eb8742e52168417d1a1ce38cfdb8961fc6f8452c6309a9c [none]
[debug] [2025-12-04T21:33:09.085Z] >>> [apiv2][body] POST https://upload-firebasehosting.googleapis.com/upload/sites/hyventechjo/versions/51d574f5cf94d98f/files/9bde23e4d3f7be151eb8742e52168417d1a1ce38cfdb8961fc6f8452c6309a9c [stream]
[debug] [2025-12-04T21:33:09.086Z] >>> [apiv2][query] POST https://upload-firebasehosting.googleapis.com/upload/sites/hyventechjo/versions/51d574f5cf94d98f/files/1ff7b8c27aa7dbc8e96ba16b7bd6d0426124dab7fd44f3a24fb7887d9cabf41b [none]
[debug] [2025-12-04T21:33:09.086Z] >>> [apiv2][body] POST https://upload-firebasehosting.googleapis.com/upload/sites/hyventechjo/versions/51d574f5cf94d98f/files/1ff7b8c27aa7dbc8e96ba16b7bd6d0426124dab7fd44f3a24fb7887d9cabf41b [stream]
[debug] [2025-12-04T21:33:09.086Z] >>> [apiv2][query] POST https://upload-firebasehosting.googleapis.com/upload/sites/hyventechjo/versions/51d574f5cf94d98f/files/0ef2e008585f27d1e5558183b1cca570214918b114b987816acb593b724db993 [none]
[debug] [2025-12-04T21:33:09.086Z] >>> [apiv2][body] POST https://upload-firebasehosting.googleapis.com/upload/sites/hyventechjo/versions/51d574f5cf94d98f/files/0ef2e008585f27d1e5558183b1cca570214918b114b987816acb593b724db993 [stream]
[debug] [2025-12-04T21:33:09.087Z] >>> [apiv2][query] POST https://upload-firebasehosting.googleapis.com/upload/sites/hyventechjo/versions/51d574f5cf94d98f/files/52276e4de118b32a5c0170ecb08f3cf2b8de16e629e9e049b15ab9fc005d18cd [none]
[debug] [2025-12-04T21:33:09.087Z] >>> [apiv2][body] POST https://upload-firebasehosting.googleapis.com/upload/sites/hyventechjo/versions/51d574f5cf94d98f/files/52276e4de118b32a5c0170ecb08f3cf2b8de16e629e9e049b15ab9fc005d18cd [stream]
[debug] [2025-12-04T21:33:09.087Z] >>> [apiv2][query] POST https://upload-firebasehosting.googleapis.com/upload/sites/hyventechjo/versions/51d574f5cf94d98f/files/6b93ee54161182cab6b0bdd20c89f012ec18bac07333d26bbe992ab25635fc53 [none]
[debug] [2025-12-04T21:33:09.088Z] >>> [apiv2][body] POST https://upload-firebasehosting.googleapis.com/upload/sites/hyventechjo/versions/51d574f5cf94d98f/files/6b93ee54161182cab6b0bdd20c89f012ec18bac07333d26bbe992ab25635fc53 [stream]
[debug] [2025-12-04T21:33:09.088Z] >>> [apiv2][query] POST https://upload-firebasehosting.googleapis.com/upload/sites/hyventechjo/versions/51d574f5cf94d98f/files/33c3b30e52ca6ddbaa4ab12f923b45ca7faeba7e2eda81e8fa69f312b93899f6 [none]
[debug] [2025-12-04T21:33:09.088Z] >>> [apiv2][body] POST https://upload-firebasehosting.googleapis.com/upload/sites/hyventechjo/versions/51d574f5cf94d98f/files/33c3b30e52ca6ddbaa4ab12f923b45ca7faeba7e2eda81e8fa69f312b93899f6 [stream]
[debug] [2025-12-04T21:33:09.089Z] >>> [apiv2][query] POST https://upload-firebasehosting.googleapis.com/upload/sites/hyventechjo/versions/51d574f5cf94d98f/files/cfec9b36a392043d44e89c662af3a1ba89841444d2adda7ff039255348e71638 [none]
[debug] [2025-12-04T21:33:09.089Z] >>> [apiv2][body] POST https://upload-firebasehosting.googleapis.com/upload/sites/hyventechjo/versions/51d574f5cf94d98f/files/cfec9b36a392043d44e89c662af3a1ba89841444d2adda7ff039255348e71638 [stream]
[debug] [2025-12-04T21:33:09.089Z] >>> [apiv2][query] POST https://upload-firebasehosting.googleapis.com/upload/sites/hyventechjo/versions/51d574f5cf94d98f/files/43f0221dfadb6c5c28a69029a6cf5a70f7523c9af0ffd9ae4a92e87b607373d0 [none]
[debug] [2025-12-04T21:33:09.089Z] >>> [apiv2][body] POST https://upload-firebasehosting.googleapis.com/upload/sites/hyventechjo/versions/51d574f5cf94d98f/files/43f0221dfadb6c5c28a69029a6cf5a70f7523c9af0ffd9ae4a92e87b607373d0 [stream]
[debug] [2025-12-04T21:33:09.090Z] >>> [apiv2][query] POST https://upload-firebasehosting.googleapis.com/upload/sites/hyventechjo/versions/51d574f5cf94d98f/files/ab45ad78027fa7bab4f679dddfe94ed2d98ff9df416e6b2fe45a01a498ed3fcd [none]
[debug] [2025-12-04T21:33:09.090Z] >>> [apiv2][body] POST https://upload-firebasehosting.googleapis.com/upload/sites/hyventechjo/versions/51d574f5cf94d98f/files/ab45ad78027fa7bab4f679dddfe94ed2d98ff9df416e6b2fe45a01a498ed3fcd [stream]
[debug] [2025-12-04T21:33:09.091Z] >>> [apiv2][query] POST https://upload-firebasehosting.googleapis.com/upload/sites/hyventechjo/versions/51d574f5cf94d98f/files/c4c0a4057ee92c9abdad1671ebd373c7ea8b203f8be0f3514bf5aceedd511466 [none]
[debug] [2025-12-04T21:33:09.091Z] >>> [apiv2][body] POST https://upload-firebasehosting.googleapis.com/upload/sites/hyventechjo/versions/51d574f5cf94d98f/files/c4c0a4057ee92c9abdad1671ebd373c7ea8b203f8be0f3514bf5aceedd511466 [stream]
[debug] [2025-12-04T21:33:09.091Z] >>> [apiv2][query] POST https://upload-firebasehosting.googleapis.com/upload/sites/hyventechjo/versions/51d574f5cf94d98f/files/8be8efe8ecef50030a4ac33380faa9d33560489e7f6f58b6e025631fe1a3f48f [none]
[debug] [2025-12-04T21:33:09.091Z] >>> [apiv2][body] POST https://upload-firebasehosting.googleapis.com/upload/sites/hyventechjo/versions/51d574f5cf94d98f/files/8be8efe8ecef50030a4ac33380faa9d33560489e7f6f58b6e025631fe1a3f48f [stream]
[debug] [2025-12-04T21:33:09.092Z] >>> [apiv2][query] POST https://upload-firebasehosting.googleapis.com/upload/sites/hyventechjo/versions/51d574f5cf94d98f/files/5fa85d6729442f54c760e2eeabfad0973dbd726e5b2eabda9d0ea298b59f199a [none]
[debug] [2025-12-04T21:33:09.092Z] >>> [apiv2][body] POST https://upload-firebasehosting.googleapis.com/upload/sites/hyventechjo/versions/51d574f5cf94d98f/files/5fa85d6729442f54c760e2eeabfad0973dbd726e5b2eabda9d0ea298b59f199a [stream]
[debug] [2025-12-04T21:33:09.093Z] >>> [apiv2][query] POST https://upload-firebasehosting.googleapis.com/upload/sites/hyventechjo/versions/51d574f5cf94d98f/files/87b362c6506dff300b1ecc8708d843d321353b4a072eb4949b4125be643b301e [none]
[debug] [2025-12-04T21:33:09.093Z] >>> [apiv2][body] POST https://upload-firebasehosting.googleapis.com/upload/sites/hyventechjo/versions/51d574f5cf94d98f/files/87b362c6506dff300b1ecc8708d843d321353b4a072eb4949b4125be643b301e [stream]
[debug] [2025-12-04T21:33:09.093Z] >>> [apiv2][query] POST https://upload-firebasehosting.googleapis.com/upload/sites/hyventechjo/versions/51d574f5cf94d98f/files/6f59311eca8d5c0ed78f34568e411528f3b6e3ceb394a9b47aaa8c85f1e0371c [none]
[debug] [2025-12-04T21:33:09.093Z] >>> [apiv2][body] POST https://upload-firebasehosting.googleapis.com/upload/sites/hyventechjo/versions/51d574f5cf94d98f/files/6f59311eca8d5c0ed78f34568e411528f3b6e3ceb394a9b47aaa8c85f1e0371c [stream]
[debug] [2025-12-04T21:33:09.094Z] >>> [apiv2][query] POST https://upload-firebasehosting.googleapis.com/upload/sites/hyventechjo/versions/51d574f5cf94d98f/files/f0f9200a761d593443ac4d663cd31f43075104cd7d9c0063c668792707c7fb2d [none]
[debug] [2025-12-04T21:33:09.094Z] >>> [apiv2][body] POST https://upload-firebasehosting.googleapis.com/upload/sites/hyventechjo/versions/51d574f5cf94d98f/files/f0f9200a761d593443ac4d663cd31f43075104cd7d9c0063c668792707c7fb2d [stream]
[debug] [2025-12-04T21:33:09.094Z] >>> [apiv2][query] POST https://upload-firebasehosting.googleapis.com/upload/sites/hyventechjo/versions/51d574f5cf94d98f/files/2e2d055c5ed3baf0b4a652d8bb40999de823b66046c9cad9d9e0847db4c40a93 [none]
[debug] [2025-12-04T21:33:09.095Z] >>> [apiv2][body] POST https://upload-firebasehosting.googleapis.com/upload/sites/hyventechjo/versions/51d574f5cf94d98f/files/2e2d055c5ed3baf0b4a652d8bb40999de823b66046c9cad9d9e0847db4c40a93 [stream]
[debug] [2025-12-04T21:33:09.095Z] >>> [apiv2][query] POST https://upload-firebasehosting.googleapis.com/upload/sites/hyventechjo/versions/51d574f5cf94d98f/files/81538ee45d9dbbf8669dab3f3035444ca704f7fe86452327da004d622b4ea1c7 [none]
[debug] [2025-12-04T21:33:09.095Z] >>> [apiv2][body] POST https://upload-firebasehosting.googleapis.com/upload/sites/hyventechjo/versions/51d574f5cf94d98f/files/81538ee45d9dbbf8669dab3f3035444ca704f7fe86452327da004d622b4ea1c7 [stream]
[debug] [2025-12-04T21:33:09.096Z] >>> [apiv2][query] POST https://upload-firebasehosting.googleapis.com/upload/sites/hyventechjo/versions/51d574f5cf94d98f/files/2cae7fff11f6bf67c405273f7dc1cd3cd9bf5ee6de77eee406888d56a95aee6c [none]
[debug] [2025-12-04T21:33:09.096Z] >>> [apiv2][body] POST https://upload-firebasehosting.googleapis.com/upload/sites/hyventechjo/versions/51d574f5cf94d98f/files/2cae7fff11f6bf67c405273f7dc1cd3cd9bf5ee6de77eee406888d56a95aee6c [stream]
[debug] [2025-12-04T21:33:09.096Z] >>> [apiv2][query] POST https://upload-firebasehosting.googleapis.com/upload/sites/hyventechjo/versions/51d574f5cf94d98f/files/a215ae92df07e33047fb8195296a4ddc297c6defe82b32d3460f1754d07a129e [none]
[debug] [2025-12-04T21:33:09.096Z] >>> [apiv2][body] POST https://upload-firebasehosting.googleapis.com/upload/sites/hyventechjo/versions/51d574f5cf94d98f/files/a215ae92df07e33047fb8195296a4ddc297c6defe82b32d3460f1754d07a129e [stream]
[debug] [2025-12-04T21:33:09.097Z] >>> [apiv2][query] POST https://upload-firebasehosting.googleapis.com/upload/sites/hyventechjo/versions/51d574f5cf94d98f/files/351ad098744b73dbf2e00f08e822b900ee95613e20860319e75a0206d63d7983 [none]
[debug] [2025-12-04T21:33:09.097Z] >>> [apiv2][body] POST https://upload-firebasehosting.googleapis.com/upload/sites/hyventechjo/versions/51d574f5cf94d98f/files/351ad098744b73dbf2e00f08e822b900ee95613e20860319e75a0206d63d7983 [stream]
[debug] [2025-12-04T21:33:09.098Z] >>> [apiv2][query] POST https://upload-firebasehosting.googleapis.com/upload/sites/hyventechjo/versions/51d574f5cf94d98f/files/7dab112d9919479d0b1244cdcbe0f9461b7d127975237e8721032277b56155c0 [none]
[debug] [2025-12-04T21:33:09.098Z] >>> [apiv2][body] POST https://upload-firebasehosting.googleapis.com/upload/sites/hyventechjo/versions/51d574f5cf94d98f/files/7dab112d9919479d0b1244cdcbe0f9461b7d127975237e8721032277b56155c0 [stream]
[debug] [2025-12-04T21:33:09.098Z] >>> [apiv2][query] POST https://upload-firebasehosting.googleapis.com/upload/sites/hyventechjo/versions/51d574f5cf94d98f/files/b1974da50916bc23a21454d26b2607350a085e8aa46fbb02ed241036deeff118 [none]
[debug] [2025-12-04T21:33:09.098Z] >>> [apiv2][body] POST https://upload-firebasehosting.googleapis.com/upload/sites/hyventechjo/versions/51d574f5cf94d98f/files/b1974da50916bc23a21454d26b2607350a085e8aa46fbb02ed241036deeff118 [stream]
[debug] [2025-12-04T21:33:09.099Z] >>> [apiv2][query] POST https://upload-firebasehosting.googleapis.com/upload/sites/hyventechjo/versions/51d574f5cf94d98f/files/76f90604df7bfffb3ab82db56049fe9cf878bbee5a8cdd03885dbad006fd35c6 [none]
[debug] [2025-12-04T21:33:09.099Z] >>> [apiv2][body] POST https://upload-firebasehosting.googleapis.com/upload/sites/hyventechjo/versions/51d574f5cf94d98f/files/76f90604df7bfffb3ab82db56049fe9cf878bbee5a8cdd03885dbad006fd35c6 [stream]
[debug] [2025-12-04T21:33:09.100Z] >>> [apiv2][query] POST https://upload-firebasehosting.googleapis.com/upload/sites/hyventechjo/versions/51d574f5cf94d98f/files/193d518d367e36d5fce2532a332a760963250ebf39f268687984b8d5a22fb2bd [none]
[debug] [2025-12-04T21:33:09.100Z] >>> [apiv2][body] POST https://upload-firebasehosting.googleapis.com/upload/sites/hyventechjo/versions/51d574f5cf94d98f/files/193d518d367e36d5fce2532a332a760963250ebf39f268687984b8d5a22fb2bd [stream]
[debug] [2025-12-04T21:33:09.101Z] >>> [apiv2][query] POST https://upload-firebasehosting.googleapis.com/upload/sites/hyventechjo/versions/51d574f5cf94d98f/files/8c7f9d0eb2b625d5ee4d5bae547367921f5f2cd5b98a1045260d80c88fd2a28d [none]
[debug] [2025-12-04T21:33:09.101Z] >>> [apiv2][body] POST https://upload-firebasehosting.googleapis.com/upload/sites/hyventechjo/versions/51d574f5cf94d98f/files/8c7f9d0eb2b625d5ee4d5bae547367921f5f2cd5b98a1045260d80c88fd2a28d [stream]
[debug] [2025-12-04T21:33:09.102Z] >>> [apiv2][query] POST https://upload-firebasehosting.googleapis.com/upload/sites/hyventechjo/versions/51d574f5cf94d98f/files/b85af894a99f2829aa7fc950923eea4b58455bc05362bdc5ce7927f667a60e1b [none]
[debug] [2025-12-04T21:33:09.102Z] >>> [apiv2][body] POST https://upload-firebasehosting.googleapis.com/upload/sites/hyventechjo/versions/51d574f5cf94d98f/files/b85af894a99f2829aa7fc950923eea4b58455bc05362bdc5ce7927f667a60e1b [stream]
[debug] [2025-12-04T21:33:09.102Z] >>> [apiv2][query] POST https://upload-firebasehosting.googleapis.com/upload/sites/hyventechjo/versions/51d574f5cf94d98f/files/88c22a59a7a44031d28e2ffb7a6fa24d1b75b4a04f937e334ad2b2a3aeed3103 [none]
[debug] [2025-12-04T21:33:09.102Z] >>> [apiv2][body] POST https://upload-firebasehosting.googleapis.com/upload/sites/hyventechjo/versions/51d574f5cf94d98f/files/88c22a59a7a44031d28e2ffb7a6fa24d1b75b4a04f937e334ad2b2a3aeed3103 [stream]
[debug] [2025-12-04T21:33:09.103Z] >>> [apiv2][query] POST https://upload-firebasehosting.googleapis.com/upload/sites/hyventechjo/versions/51d574f5cf94d98f/files/4ced524f6d544c3c557069c54aaec8eb333cfbc3c23db044bd7bd3690fcdc785 [none]
[debug] [2025-12-04T21:33:09.103Z] >>> [apiv2][body] POST https://upload-firebasehosting.googleapis.com/upload/sites/hyventechjo/versions/51d574f5cf94d98f/files/4ced524f6d544c3c557069c54aaec8eb333cfbc3c23db044bd7bd3690fcdc785 [stream]
[debug] [2025-12-04T21:33:09.104Z] >>> [apiv2][query] POST https://upload-firebasehosting.googleapis.com/upload/sites/hyventechjo/versions/51d574f5cf94d98f/files/2405ec2093ed0c909e2dad5743ade6b717bd28c50fbecbdb00243eabf8cdc307 [none]
[debug] [2025-12-04T21:33:09.104Z] >>> [apiv2][body] POST https://upload-firebasehosting.googleapis.com/upload/sites/hyventechjo/versions/51d574f5cf94d98f/files/2405ec2093ed0c909e2dad5743ade6b717bd28c50fbecbdb00243eabf8cdc307 [stream]
[debug] [2025-12-04T21:33:09.105Z] >>> [apiv2][query] POST https://upload-firebasehosting.googleapis.com/upload/sites/hyventechjo/versions/51d574f5cf94d98f/files/f6abc6b7c47eef14d886b986517eb3e1a907f124eb563dbe11a3e78f6b2893b3 [none]
[debug] [2025-12-04T21:33:09.105Z] >>> [apiv2][body] POST https://upload-firebasehosting.googleapis.com/upload/sites/hyventechjo/versions/51d574f5cf94d98f/files/f6abc6b7c47eef14d886b986517eb3e1a907f124eb563dbe11a3e78f6b2893b3 [stream]
[debug] [2025-12-04T21:33:09.105Z] >>> [apiv2][query] POST https://upload-firebasehosting.googleapis.com/upload/sites/hyventechjo/versions/51d574f5cf94d98f/files/60e0177e26ab3f9d4b7b869cf5b282f3a2753898561d33164c99a7db8be6fffc [none]
[debug] [2025-12-04T21:33:09.105Z] >>> [apiv2][body] POST https://upload-firebasehosting.googleapis.com/upload/sites/hyventechjo/versions/51d574f5cf94d98f/files/60e0177e26ab3f9d4b7b869cf5b282f3a2753898561d33164c99a7db8be6fffc [stream]
[debug] [2025-12-04T21:33:09.106Z] >>> [apiv2][query] POST https://upload-firebasehosting.googleapis.com/upload/sites/hyventechjo/versions/51d574f5cf94d98f/files/5ae2b90f5d299e1b3d318a5a8633ed489e4b8a48352dd7e5f58bd6b505e0d415 [none]
[debug] [2025-12-04T21:33:09.106Z] >>> [apiv2][body] POST https://upload-firebasehosting.googleapis.com/upload/sites/hyventechjo/versions/51d574f5cf94d98f/files/5ae2b90f5d299e1b3d318a5a8633ed489e4b8a48352dd7e5f58bd6b505e0d415 [stream]
[debug] [2025-12-04T21:33:09.107Z] >>> [apiv2][query] POST https://upload-firebasehosting.googleapis.com/upload/sites/hyventechjo/versions/51d574f5cf94d98f/files/eb24b8976249ca02d72bddb16757fdc40cf7774ba66edf5dd7373227c7e688ab [none]
[debug] [2025-12-04T21:33:09.107Z] >>> [apiv2][body] POST https://upload-firebasehosting.googleapis.com/upload/sites/hyventechjo/versions/51d574f5cf94d98f/files/eb24b8976249ca02d72bddb16757fdc40cf7774ba66edf5dd7373227c7e688ab [stream]
[debug] [2025-12-04T21:33:09.107Z] >>> [apiv2][query] POST https://upload-firebasehosting.googleapis.com/upload/sites/hyventechjo/versions/51d574f5cf94d98f/files/2397c70e4dfd59ff12d21deb8b2bc8d5948df5b6c76840bee07b81e3288c8a37 [none]
[debug] [2025-12-04T21:33:09.107Z] >>> [apiv2][body] POST https://upload-firebasehosting.googleapis.com/upload/sites/hyventechjo/versions/51d574f5cf94d98f/files/2397c70e4dfd59ff12d21deb8b2bc8d5948df5b6c76840bee07b81e3288c8a37 [stream]
[debug] [2025-12-04T21:33:09.108Z] >>> [apiv2][query] POST https://upload-firebasehosting.googleapis.com/upload/sites/hyventechjo/versions/51d574f5cf94d98f/files/40f6ac7fc527e0ae9308e2ce60c0321af797c64a8c219926e8952db064e1f570 [none]
[debug] [2025-12-04T21:33:09.108Z] >>> [apiv2][body] POST https://upload-firebasehosting.googleapis.com/upload/sites/hyventechjo/versions/51d574f5cf94d98f/files/40f6ac7fc527e0ae9308e2ce60c0321af797c64a8c219926e8952db064e1f570 [stream]
[debug] [2025-12-04T21:33:09.108Z] >>> [apiv2][query] POST https://upload-firebasehosting.googleapis.com/upload/sites/hyventechjo/versions/51d574f5cf94d98f/files/841ffd4065f37d285051845935e91feed8b4b5a32ceaa34c4cc10937be88532d [none]
[debug] [2025-12-04T21:33:09.109Z] >>> [apiv2][body] POST https://upload-firebasehosting.googleapis.com/upload/sites/hyventechjo/versions/51d574f5cf94d98f/files/841ffd4065f37d285051845935e91feed8b4b5a32ceaa34c4cc10937be88532d [stream]
[debug] [2025-12-04T21:33:09.109Z] >>> [apiv2][query] POST https://upload-firebasehosting.googleapis.com/upload/sites/hyventechjo/versions/51d574f5cf94d98f/files/5ef1d001e89504535080c3cef185bbdc8bb595e221ec1dee54a50193ce64aaa3 [none]
[debug] [2025-12-04T21:33:09.109Z] >>> [apiv2][body] POST https://upload-firebasehosting.googleapis.com/upload/sites/hyventechjo/versions/51d574f5cf94d98f/files/5ef1d001e89504535080c3cef185bbdc8bb595e221ec1dee54a50193ce64aaa3 [stream]
[debug] [2025-12-04T21:33:09.110Z] >>> [apiv2][query] POST https://upload-firebasehosting.googleapis.com/upload/sites/hyventechjo/versions/51d574f5cf94d98f/files/05242c633404e2ae0750ff7326c632385c7ebc2a148f06b442185bfca1a0c6bc [none]
[debug] [2025-12-04T21:33:09.110Z] >>> [apiv2][body] POST https://upload-firebasehosting.googleapis.com/upload/sites/hyventechjo/versions/51d574f5cf94d98f/files/05242c633404e2ae0750ff7326c632385c7ebc2a148f06b442185bfca1a0c6bc [stream]
[debug] [2025-12-04T21:33:09.110Z] >>> [apiv2][query] POST https://upload-firebasehosting.googleapis.com/upload/sites/hyventechjo/versions/51d574f5cf94d98f/files/276aa2a8d8e04feb6299fb89c7a425d4f3a532e4dc74fda8cf0d7093c710228e [none]
[debug] [2025-12-04T21:33:09.110Z] >>> [apiv2][body] POST https://upload-firebasehosting.googleapis.com/upload/sites/hyventechjo/versions/51d574f5cf94d98f/files/276aa2a8d8e04feb6299fb89c7a425d4f3a532e4dc74fda8cf0d7093c710228e [stream]
[debug] [2025-12-04T21:33:09.111Z] >>> [apiv2][query] POST https://upload-firebasehosting.googleapis.com/upload/sites/hyventechjo/versions/51d574f5cf94d98f/files/4fe79db06b1b0e43925c7030aba8e81ad6d8b3b02bdec83fa874f36f2623b309 [none]
[debug] [2025-12-04T21:33:09.111Z] >>> [apiv2][body] POST https://upload-firebasehosting.googleapis.com/upload/sites/hyventechjo/versions/51d574f5cf94d98f/files/4fe79db06b1b0e43925c7030aba8e81ad6d8b3b02bdec83fa874f36f2623b309 [stream]
[debug] [2025-12-04T21:33:09.111Z] >>> [apiv2][query] POST https://upload-firebasehosting.googleapis.com/upload/sites/hyventechjo/versions/51d574f5cf94d98f/files/e7e04e1323ec395e4e8c9798b804e1d86d04feb44b0cb341ea65f07c8e55f911 [none]
[debug] [2025-12-04T21:33:09.111Z] >>> [apiv2][body] POST https://upload-firebasehosting.googleapis.com/upload/sites/hyventechjo/versions/51d574f5cf94d98f/files/e7e04e1323ec395e4e8c9798b804e1d86d04feb44b0cb341ea65f07c8e55f911 [stream]
[debug] [2025-12-04T21:33:09.112Z] >>> [apiv2][query] POST https://upload-firebasehosting.googleapis.com/upload/sites/hyventechjo/versions/51d574f5cf94d98f/files/5f27cad68027ef9b7580afa8b25a3aa8ba0bb2500eecd96349bbae860abbf0d5 [none]
[debug] [2025-12-04T21:33:09.112Z] >>> [apiv2][body] POST https://upload-firebasehosting.googleapis.com/upload/sites/hyventechjo/versions/51d574f5cf94d98f/files/5f27cad68027ef9b7580afa8b25a3aa8ba0bb2500eecd96349bbae860abbf0d5 [stream]
[debug] [2025-12-04T21:33:09.113Z] >>> [apiv2][query] POST https://upload-firebasehosting.googleapis.com/upload/sites/hyventechjo/versions/51d574f5cf94d98f/files/1cb854662be7639bfa1b086fcd0cb139301e9ab06b0f4b32fb5a8bf47353cc51 [none]
[debug] [2025-12-04T21:33:09.113Z] >>> [apiv2][body] POST https://upload-firebasehosting.googleapis.com/upload/sites/hyventechjo/versions/51d574f5cf94d98f/files/1cb854662be7639bfa1b086fcd0cb139301e9ab06b0f4b32fb5a8bf47353cc51 [stream]
[debug] [2025-12-04T21:33:09.113Z] >>> [apiv2][query] POST https://upload-firebasehosting.googleapis.com/upload/sites/hyventechjo/versions/51d574f5cf94d98f/files/7f96546349b48083032ee17f1de91a609d08fdc46b7f96c1e420b0b4ca1635f6 [none]
[debug] [2025-12-04T21:33:09.113Z] >>> [apiv2][body] POST https://upload-firebasehosting.googleapis.com/upload/sites/hyventechjo/versions/51d574f5cf94d98f/files/7f96546349b48083032ee17f1de91a609d08fdc46b7f96c1e420b0b4ca1635f6 [stream]
[debug] [2025-12-04T21:33:09.114Z] >>> [apiv2][query] POST https://upload-firebasehosting.googleapis.com/upload/sites/hyventechjo/versions/51d574f5cf94d98f/files/bc583b570c0715bfbc39a2fbdfb4b0ee7dcdc988d58492a8af74d2453afafa8d [none]
[debug] [2025-12-04T21:33:09.114Z] >>> [apiv2][body] POST https://upload-firebasehosting.googleapis.com/upload/sites/hyventechjo/versions/51d574f5cf94d98f/files/bc583b570c0715bfbc39a2fbdfb4b0ee7dcdc988d58492a8af74d2453afafa8d [stream]
[debug] [2025-12-04T21:33:09.114Z] >>> [apiv2][query] POST https://upload-firebasehosting.googleapis.com/upload/sites/hyventechjo/versions/51d574f5cf94d98f/files/74f28c2cf339a703876d11fab65bbeca57f9f6aab57c86dc069e06c80f9671f4 [none]
[debug] [2025-12-04T21:33:09.114Z] >>> [apiv2][body] POST https://upload-firebasehosting.googleapis.com/upload/sites/hyventechjo/versions/51d574f5cf94d98f/files/74f28c2cf339a703876d11fab65bbeca57f9f6aab57c86dc069e06c80f9671f4 [stream]
[debug] [2025-12-04T21:33:09.115Z] >>> [apiv2][query] POST https://upload-firebasehosting.googleapis.com/upload/sites/hyventechjo/versions/51d574f5cf94d98f/files/da3e1b986ca33d37ba35bfd754cd15878c764d0c9a18df929ac0d9cbf11195af [none]
[debug] [2025-12-04T21:33:09.115Z] >>> [apiv2][body] POST https://upload-firebasehosting.googleapis.com/upload/sites/hyventechjo/versions/51d574f5cf94d98f/files/da3e1b986ca33d37ba35bfd754cd15878c764d0c9a18df929ac0d9cbf11195af [stream]
[debug] [2025-12-04T21:33:09.115Z] >>> [apiv2][query] POST https://upload-firebasehosting.googleapis.com/upload/sites/hyventechjo/versions/51d574f5cf94d98f/files/f378682c21fd056ac6be6d81d0771cbeb9a5d418abb081c5b7f562e63d53ee76 [none]
[debug] [2025-12-04T21:33:09.115Z] >>> [apiv2][body] POST https://upload-firebasehosting.googleapis.com/upload/sites/hyventechjo/versions/51d574f5cf94d98f/files/f378682c21fd056ac6be6d81d0771cbeb9a5d418abb081c5b7f562e63d53ee76 [stream]
[debug] [2025-12-04T21:33:09.116Z] [hosting][populate queue][FINAL] {"max":452,"min":452,"avg":452,"active":0,"complete":1,"success":1,"errored":0,"retried":0,"total":1,"elapsed":501}
[debug] [2025-12-04T21:33:09.116Z] [hosting] uploads queued: 68
[debug] [2025-12-04T21:33:11.811Z] <<< [apiv2][status] POST https://upload-firebasehosting.googleapis.com/upload/sites/hyventechjo/versions/51d574f5cf94d98f/files/91de8cb36aa1c068890cae3a2f036a822a6cf56080cd1e1898e91cdcf1cddf4d 200
[debug] [2025-12-04T21:33:11.812Z] <<< [apiv2][body] POST https://upload-firebasehosting.googleapis.com/upload/sites/hyventechjo/versions/51d574f5cf94d98f/files/91de8cb36aa1c068890cae3a2f036a822a6cf56080cd1e1898e91cdcf1cddf4d [stream]
[debug] [2025-12-04T21:33:11.845Z] <<< [apiv2][status] POST https://upload-firebasehosting.googleapis.com/upload/sites/hyventechjo/versions/51d574f5cf94d98f/files/0497782f30407d6f0bf57039c998642cb4cdfe381fb29dc686a19644d7328814 200
[debug] [2025-12-04T21:33:11.846Z] <<< [apiv2][body] POST https://upload-firebasehosting.googleapis.com/upload/sites/hyventechjo/versions/51d574f5cf94d98f/files/0497782f30407d6f0bf57039c998642cb4cdfe381fb29dc686a19644d7328814 [stream]
[debug] [2025-12-04T21:33:11.930Z] <<< [apiv2][status] POST https://upload-firebasehosting.googleapis.com/upload/sites/hyventechjo/versions/51d574f5cf94d98f/files/d6915bdc051eb5ca8b60f54628d94fd9ae008984264885606dc4b190c687719f 200
[debug] [2025-12-04T21:33:11.930Z] <<< [apiv2][body] POST https://upload-firebasehosting.googleapis.com/upload/sites/hyventechjo/versions/51d574f5cf94d98f/files/d6915bdc051eb5ca8b60f54628d94fd9ae008984264885606dc4b190c687719f [stream]
[debug] [2025-12-04T21:33:11.973Z] <<< [apiv2][status] POST https://upload-firebasehosting.googleapis.com/upload/sites/hyventechjo/versions/51d574f5cf94d98f/files/5ae2b90f5d299e1b3d318a5a8633ed489e4b8a48352dd7e5f58bd6b505e0d415 200
[debug] [2025-12-04T21:33:11.973Z] <<< [apiv2][body] POST https://upload-firebasehosting.googleapis.com/upload/sites/hyventechjo/versions/51d574f5cf94d98f/files/5ae2b90f5d299e1b3d318a5a8633ed489e4b8a48352dd7e5f58bd6b505e0d415 [stream]
[debug] [2025-12-04T21:33:11.980Z] <<< [apiv2][status] POST https://upload-firebasehosting.googleapis.com/upload/sites/hyventechjo/versions/51d574f5cf94d98f/files/6b93ee54161182cab6b0bdd20c89f012ec18bac07333d26bbe992ab25635fc53 200
[debug] [2025-12-04T21:33:11.981Z] <<< [apiv2][body] POST https://upload-firebasehosting.googleapis.com/upload/sites/hyventechjo/versions/51d574f5cf94d98f/files/6b93ee54161182cab6b0bdd20c89f012ec18bac07333d26bbe992ab25635fc53 [stream]
[debug] [2025-12-04T21:33:12.089Z] <<< [apiv2][status] POST https://upload-firebasehosting.googleapis.com/upload/sites/hyventechjo/versions/51d574f5cf94d98f/files/78778493583b4628c7a42d5c080e55d0b62184d696b6218bbe8390708527b245 200
[debug] [2025-12-04T21:33:12.090Z] <<< [apiv2][body] POST https://upload-firebasehosting.googleapis.com/upload/sites/hyventechjo/versions/51d574f5cf94d98f/files/78778493583b4628c7a42d5c080e55d0b62184d696b6218bbe8390708527b245 [stream]
[debug] [2025-12-04T21:33:12.131Z] <<< [apiv2][status] POST https://upload-firebasehosting.googleapis.com/upload/sites/hyventechjo/versions/51d574f5cf94d98f/files/bee09da22ae31a2486320ae56e856a4b2365810dfa45d9a004a4950029f1d16f 200
[debug] [2025-12-04T21:33:12.132Z] <<< [apiv2][body] POST https://upload-firebasehosting.googleapis.com/upload/sites/hyventechjo/versions/51d574f5cf94d98f/files/bee09da22ae31a2486320ae56e856a4b2365810dfa45d9a004a4950029f1d16f [stream]
[debug] [2025-12-04T21:33:12.360Z] <<< [apiv2][status] POST https://upload-firebasehosting.googleapis.com/upload/sites/hyventechjo/versions/51d574f5cf94d98f/files/b211dd9e50094e51b14aac1954ccf1c1b5b778f2b21838a757ee2492a99e6ddd 200
[debug] [2025-12-04T21:33:12.360Z] <<< [apiv2][body] POST https://upload-firebasehosting.googleapis.com/upload/sites/hyventechjo/versions/51d574f5cf94d98f/files/b211dd9e50094e51b14aac1954ccf1c1b5b778f2b21838a757ee2492a99e6ddd [stream]
[debug] [2025-12-04T21:33:12.364Z] <<< [apiv2][status] POST https://upload-firebasehosting.googleapis.com/upload/sites/hyventechjo/versions/51d574f5cf94d98f/files/7dab112d9919479d0b1244cdcbe0f9461b7d127975237e8721032277b56155c0 200
[debug] [2025-12-04T21:33:12.364Z] <<< [apiv2][body] POST https://upload-firebasehosting.googleapis.com/upload/sites/hyventechjo/versions/51d574f5cf94d98f/files/7dab112d9919479d0b1244cdcbe0f9461b7d127975237e8721032277b56155c0 [stream]
[debug] [2025-12-04T21:33:12.369Z] <<< [apiv2][status] POST https://upload-firebasehosting.googleapis.com/upload/sites/hyventechjo/versions/51d574f5cf94d98f/files/d37c640eb85b1912abe572b7f52ff9f82279b2fc39d7aa79499077189b98c30d 200
[debug] [2025-12-04T21:33:12.369Z] <<< [apiv2][body] POST https://upload-firebasehosting.googleapis.com/upload/sites/hyventechjo/versions/51d574f5cf94d98f/files/d37c640eb85b1912abe572b7f52ff9f82279b2fc39d7aa79499077189b98c30d [stream]
[debug] [2025-12-04T21:33:12.379Z] <<< [apiv2][status] POST https://upload-firebasehosting.googleapis.com/upload/sites/hyventechjo/versions/51d574f5cf94d98f/files/fd23ebea0200e0dceb34eec2b919a2d09b34a897f9b1adaa316aba3fbbbef65c 200
[debug] [2025-12-04T21:33:12.380Z] <<< [apiv2][body] POST https://upload-firebasehosting.googleapis.com/upload/sites/hyventechjo/versions/51d574f5cf94d98f/files/fd23ebea0200e0dceb34eec2b919a2d09b34a897f9b1adaa316aba3fbbbef65c [stream]
[debug] [2025-12-04T21:33:12.384Z] <<< [apiv2][status] POST https://upload-firebasehosting.googleapis.com/upload/sites/hyventechjo/versions/51d574f5cf94d98f/files/60e0177e26ab3f9d4b7b869cf5b282f3a2753898561d33164c99a7db8be6fffc 200
[debug] [2025-12-04T21:33:12.384Z] <<< [apiv2][body] POST https://upload-firebasehosting.googleapis.com/upload/sites/hyventechjo/versions/51d574f5cf94d98f/files/60e0177e26ab3f9d4b7b869cf5b282f3a2753898561d33164c99a7db8be6fffc [stream]
[debug] [2025-12-04T21:33:12.393Z] <<< [apiv2][status] POST https://upload-firebasehosting.googleapis.com/upload/sites/hyventechjo/versions/51d574f5cf94d98f/files/05242c633404e2ae0750ff7326c632385c7ebc2a148f06b442185bfca1a0c6bc 200
[debug] [2025-12-04T21:33:12.394Z] <<< [apiv2][body] POST https://upload-firebasehosting.googleapis.com/upload/sites/hyventechjo/versions/51d574f5cf94d98f/files/05242c633404e2ae0750ff7326c632385c7ebc2a148f06b442185bfca1a0c6bc [stream]
[debug] [2025-12-04T21:33:12.396Z] <<< [apiv2][status] POST https://upload-firebasehosting.googleapis.com/upload/sites/hyventechjo/versions/51d574f5cf94d98f/files/f0f9200a761d593443ac4d663cd31f43075104cd7d9c0063c668792707c7fb2d 200
[debug] [2025-12-04T21:33:12.396Z] <<< [apiv2][body] POST https://upload-firebasehosting.googleapis.com/upload/sites/hyventechjo/versions/51d574f5cf94d98f/files/f0f9200a761d593443ac4d663cd31f43075104cd7d9c0063c668792707c7fb2d [stream]
[debug] [2025-12-04T21:33:12.401Z] <<< [apiv2][status] POST https://upload-firebasehosting.googleapis.com/upload/sites/hyventechjo/versions/51d574f5cf94d98f/files/cd4c0a35dbcf4238b7254efa41554cfe6bf7af4ae1c45301a8454f4a7803c15a 200
[debug] [2025-12-04T21:33:12.401Z] <<< [apiv2][body] POST https://upload-firebasehosting.googleapis.com/upload/sites/hyventechjo/versions/51d574f5cf94d98f/files/cd4c0a35dbcf4238b7254efa41554cfe6bf7af4ae1c45301a8454f4a7803c15a [stream]
[debug] [2025-12-04T21:33:12.484Z] <<< [apiv2][status] POST https://upload-firebasehosting.googleapis.com/upload/sites/hyventechjo/versions/51d574f5cf94d98f/files/2763493bd5c3cdb3ef40d822676ebe9e9ec846a8bda923649eb8bd0d3ea7b437 200
[debug] [2025-12-04T21:33:12.484Z] <<< [apiv2][body] POST https://upload-firebasehosting.googleapis.com/upload/sites/hyventechjo/versions/51d574f5cf94d98f/files/2763493bd5c3cdb3ef40d822676ebe9e9ec846a8bda923649eb8bd0d3ea7b437 [stream]
[debug] [2025-12-04T21:33:12.503Z] <<< [apiv2][status] POST https://upload-firebasehosting.googleapis.com/upload/sites/hyventechjo/versions/51d574f5cf94d98f/files/81538ee45d9dbbf8669dab3f3035444ca704f7fe86452327da004d622b4ea1c7 200
[debug] [2025-12-04T21:33:12.504Z] <<< [apiv2][body] POST https://upload-firebasehosting.googleapis.com/upload/sites/hyventechjo/versions/51d574f5cf94d98f/files/81538ee45d9dbbf8669dab3f3035444ca704f7fe86452327da004d622b4ea1c7 [stream]
[debug] [2025-12-04T21:33:12.542Z] <<< [apiv2][status] POST https://upload-firebasehosting.googleapis.com/upload/sites/hyventechjo/versions/51d574f5cf94d98f/files/8e795d23346111b06da66a0a2caa02c5e94d697a02493f3a81b2825598631f9c 200
[debug] [2025-12-04T21:33:12.543Z] <<< [apiv2][body] POST https://upload-firebasehosting.googleapis.com/upload/sites/hyventechjo/versions/51d574f5cf94d98f/files/8e795d23346111b06da66a0a2caa02c5e94d697a02493f3a81b2825598631f9c [stream]
[debug] [2025-12-04T21:33:12.775Z] <<< [apiv2][status] POST https://upload-firebasehosting.googleapis.com/upload/sites/hyventechjo/versions/51d574f5cf94d98f/files/2405ec2093ed0c909e2dad5743ade6b717bd28c50fbecbdb00243eabf8cdc307 200
[debug] [2025-12-04T21:33:12.775Z] <<< [apiv2][body] POST https://upload-firebasehosting.googleapis.com/upload/sites/hyventechjo/versions/51d574f5cf94d98f/files/2405ec2093ed0c909e2dad5743ade6b717bd28c50fbecbdb00243eabf8cdc307 [stream]
[debug] [2025-12-04T21:33:12.775Z] <<< [apiv2][status] POST https://upload-firebasehosting.googleapis.com/upload/sites/hyventechjo/versions/51d574f5cf94d98f/files/1ff7b8c27aa7dbc8e96ba16b7bd6d0426124dab7fd44f3a24fb7887d9cabf41b 200
[debug] [2025-12-04T21:33:12.775Z] <<< [apiv2][body] POST https://upload-firebasehosting.googleapis.com/upload/sites/hyventechjo/versions/51d574f5cf94d98f/files/1ff7b8c27aa7dbc8e96ba16b7bd6d0426124dab7fd44f3a24fb7887d9cabf41b [stream]
[debug] [2025-12-04T21:33:12.798Z] <<< [apiv2][status] POST https://upload-firebasehosting.googleapis.com/upload/sites/hyventechjo/versions/51d574f5cf94d98f/files/c4c0a4057ee92c9abdad1671ebd373c7ea8b203f8be0f3514bf5aceedd511466 200
[debug] [2025-12-04T21:33:12.798Z] <<< [apiv2][body] POST https://upload-firebasehosting.googleapis.com/upload/sites/hyventechjo/versions/51d574f5cf94d98f/files/c4c0a4057ee92c9abdad1671ebd373c7ea8b203f8be0f3514bf5aceedd511466 [stream]
[debug] [2025-12-04T21:33:12.925Z] <<< [apiv2][status] POST https://upload-firebasehosting.googleapis.com/upload/sites/hyventechjo/versions/51d574f5cf94d98f/files/a215ae92df07e33047fb8195296a4ddc297c6defe82b32d3460f1754d07a129e 200
[debug] [2025-12-04T21:33:12.925Z] <<< [apiv2][body] POST https://upload-firebasehosting.googleapis.com/upload/sites/hyventechjo/versions/51d574f5cf94d98f/files/a215ae92df07e33047fb8195296a4ddc297c6defe82b32d3460f1754d07a129e [stream]
[debug] [2025-12-04T21:33:12.952Z] <<< [apiv2][status] POST https://upload-firebasehosting.googleapis.com/upload/sites/hyventechjo/versions/51d574f5cf94d98f/files/55c998e79dc232226a3248c99d0335ea1007cc465f28cff5404a29e4d9898e2f 200
[debug] [2025-12-04T21:33:12.953Z] <<< [apiv2][body] POST https://upload-firebasehosting.googleapis.com/upload/sites/hyventechjo/versions/51d574f5cf94d98f/files/55c998e79dc232226a3248c99d0335ea1007cc465f28cff5404a29e4d9898e2f [stream]
[debug] [2025-12-04T21:33:13.042Z] <<< [apiv2][status] POST https://upload-firebasehosting.googleapis.com/upload/sites/hyventechjo/versions/51d574f5cf94d98f/files/cfec9b36a392043d44e89c662af3a1ba89841444d2adda7ff039255348e71638 200
[debug] [2025-12-04T21:33:13.042Z] <<< [apiv2][body] POST https://upload-firebasehosting.googleapis.com/upload/sites/hyventechjo/versions/51d574f5cf94d98f/files/cfec9b36a392043d44e89c662af3a1ba89841444d2adda7ff039255348e71638 [stream]
[debug] [2025-12-04T21:33:13.046Z] <<< [apiv2][status] POST https://upload-firebasehosting.googleapis.com/upload/sites/hyventechjo/versions/51d574f5cf94d98f/files/7f96546349b48083032ee17f1de91a609d08fdc46b7f96c1e420b0b4ca1635f6 200
[debug] [2025-12-04T21:33:13.046Z] <<< [apiv2][body] POST https://upload-firebasehosting.googleapis.com/upload/sites/hyventechjo/versions/51d574f5cf94d98f/files/7f96546349b48083032ee17f1de91a609d08fdc46b7f96c1e420b0b4ca1635f6 [stream]
[debug] [2025-12-04T21:33:13.049Z] <<< [apiv2][status] POST https://upload-firebasehosting.googleapis.com/upload/sites/hyventechjo/versions/51d574f5cf94d98f/files/33c3b30e52ca6ddbaa4ab12f923b45ca7faeba7e2eda81e8fa69f312b93899f6 200
[debug] [2025-12-04T21:33:13.049Z] <<< [apiv2][body] POST https://upload-firebasehosting.googleapis.com/upload/sites/hyventechjo/versions/51d574f5cf94d98f/files/33c3b30e52ca6ddbaa4ab12f923b45ca7faeba7e2eda81e8fa69f312b93899f6 [stream]
[debug] [2025-12-04T21:33:13.052Z] <<< [apiv2][status] POST https://upload-firebasehosting.googleapis.com/upload/sites/hyventechjo/versions/51d574f5cf94d98f/files/7823bb9287a9df918d718ee620b73ae80081baba9f206b678b4dc052419570f1 200
[debug] [2025-12-04T21:33:13.052Z] <<< [apiv2][body] POST https://upload-firebasehosting.googleapis.com/upload/sites/hyventechjo/versions/51d574f5cf94d98f/files/7823bb9287a9df918d718ee620b73ae80081baba9f206b678b4dc052419570f1 [stream]
[debug] [2025-12-04T21:33:13.073Z] <<< [apiv2][status] POST https://upload-firebasehosting.googleapis.com/upload/sites/hyventechjo/versions/51d574f5cf94d98f/files/52276e4de118b32a5c0170ecb08f3cf2b8de16e629e9e049b15ab9fc005d18cd 200
[debug] [2025-12-04T21:33:13.073Z] <<< [apiv2][body] POST https://upload-firebasehosting.googleapis.com/upload/sites/hyventechjo/versions/51d574f5cf94d98f/files/52276e4de118b32a5c0170ecb08f3cf2b8de16e629e9e049b15ab9fc005d18cd [stream]
[debug] [2025-12-04T21:33:13.076Z] <<< [apiv2][status] POST https://upload-firebasehosting.googleapis.com/upload/sites/hyventechjo/versions/51d574f5cf94d98f/files/5fa85d6729442f54c760e2eeabfad0973dbd726e5b2eabda9d0ea298b59f199a 200
[debug] [2025-12-04T21:33:13.077Z] <<< [apiv2][body] POST https://upload-firebasehosting.googleapis.com/upload/sites/hyventechjo/versions/51d574f5cf94d98f/files/5fa85d6729442f54c760e2eeabfad0973dbd726e5b2eabda9d0ea298b59f199a [stream]
[debug] [2025-12-04T21:33:13.090Z] <<< [apiv2][status] POST https://upload-firebasehosting.googleapis.com/upload/sites/hyventechjo/versions/51d574f5cf94d98f/files/f85cc4fc34c3fec74d0eeb950ae28c2228b39ecb7811dd3927002ad1e23a5531 200
[debug] [2025-12-04T21:33:13.090Z] <<< [apiv2][body] POST https://upload-firebasehosting.googleapis.com/upload/sites/hyventechjo/versions/51d574f5cf94d98f/files/f85cc4fc34c3fec74d0eeb950ae28c2228b39ecb7811dd3927002ad1e23a5531 [stream]
[debug] [2025-12-04T21:33:13.165Z] <<< [apiv2][status] POST https://upload-firebasehosting.googleapis.com/upload/sites/hyventechjo/versions/51d574f5cf94d98f/files/cd21b56a9e9222ba8c47f724dfc663b2398ca44ae9a13f4e5230087f1667db23 200
[debug] [2025-12-04T21:33:13.165Z] <<< [apiv2][body] POST https://upload-firebasehosting.googleapis.com/upload/sites/hyventechjo/versions/51d574f5cf94d98f/files/cd21b56a9e9222ba8c47f724dfc663b2398ca44ae9a13f4e5230087f1667db23 [stream]
[debug] [2025-12-04T21:33:13.186Z] <<< [apiv2][status] POST https://upload-firebasehosting.googleapis.com/upload/sites/hyventechjo/versions/51d574f5cf94d98f/files/4ced524f6d544c3c557069c54aaec8eb333cfbc3c23db044bd7bd3690fcdc785 200
[debug] [2025-12-04T21:33:13.186Z] <<< [apiv2][body] POST https://upload-firebasehosting.googleapis.com/upload/sites/hyventechjo/versions/51d574f5cf94d98f/files/4ced524f6d544c3c557069c54aaec8eb333cfbc3c23db044bd7bd3690fcdc785 [stream]
[debug] [2025-12-04T21:33:13.191Z] <<< [apiv2][status] POST https://upload-firebasehosting.googleapis.com/upload/sites/hyventechjo/versions/51d574f5cf94d98f/files/76f90604df7bfffb3ab82db56049fe9cf878bbee5a8cdd03885dbad006fd35c6 200
[debug] [2025-12-04T21:33:13.191Z] <<< [apiv2][body] POST https://upload-firebasehosting.googleapis.com/upload/sites/hyventechjo/versions/51d574f5cf94d98f/files/76f90604df7bfffb3ab82db56049fe9cf878bbee5a8cdd03885dbad006fd35c6 [stream]
[debug] [2025-12-04T21:33:13.215Z] <<< [apiv2][status] POST https://upload-firebasehosting.googleapis.com/upload/sites/hyventechjo/versions/51d574f5cf94d98f/files/8be8efe8ecef50030a4ac33380faa9d33560489e7f6f58b6e025631fe1a3f48f 200
[debug] [2025-12-04T21:33:13.215Z] <<< [apiv2][body] POST https://upload-firebasehosting.googleapis.com/upload/sites/hyventechjo/versions/51d574f5cf94d98f/files/8be8efe8ecef50030a4ac33380faa9d33560489e7f6f58b6e025631fe1a3f48f [stream]
[debug] [2025-12-04T21:33:13.411Z] <<< [apiv2][status] POST https://upload-firebasehosting.googleapis.com/upload/sites/hyventechjo/versions/51d574f5cf94d98f/files/40f6ac7fc527e0ae9308e2ce60c0321af797c64a8c219926e8952db064e1f570 200
[debug] [2025-12-04T21:33:13.411Z] <<< [apiv2][body] POST https://upload-firebasehosting.googleapis.com/upload/sites/hyventechjo/versions/51d574f5cf94d98f/files/40f6ac7fc527e0ae9308e2ce60c0321af797c64a8c219926e8952db064e1f570 [stream]
[debug] [2025-12-04T21:33:13.439Z] <<< [apiv2][status] POST https://upload-firebasehosting.googleapis.com/upload/sites/hyventechjo/versions/51d574f5cf94d98f/files/da3e1b986ca33d37ba35bfd754cd15878c764d0c9a18df929ac0d9cbf11195af 200
[debug] [2025-12-04T21:33:13.440Z] <<< [apiv2][body] POST https://upload-firebasehosting.googleapis.com/upload/sites/hyventechjo/versions/51d574f5cf94d98f/files/da3e1b986ca33d37ba35bfd754cd15878c764d0c9a18df929ac0d9cbf11195af [stream]
[debug] [2025-12-04T21:33:13.514Z] <<< [apiv2][status] POST https://upload-firebasehosting.googleapis.com/upload/sites/hyventechjo/versions/51d574f5cf94d98f/files/5ef1d001e89504535080c3cef185bbdc8bb595e221ec1dee54a50193ce64aaa3 200
[debug] [2025-12-04T21:33:13.514Z] <<< [apiv2][body] POST https://upload-firebasehosting.googleapis.com/upload/sites/hyventechjo/versions/51d574f5cf94d98f/files/5ef1d001e89504535080c3cef185bbdc8bb595e221ec1dee54a50193ce64aaa3 [stream]
[debug] [2025-12-04T21:33:13.534Z] <<< [apiv2][status] POST https://upload-firebasehosting.googleapis.com/upload/sites/hyventechjo/versions/51d574f5cf94d98f/files/9bde23e4d3f7be151eb8742e52168417d1a1ce38cfdb8961fc6f8452c6309a9c 200
[debug] [2025-12-04T21:33:13.535Z] <<< [apiv2][body] POST https://upload-firebasehosting.googleapis.com/upload/sites/hyventechjo/versions/51d574f5cf94d98f/files/9bde23e4d3f7be151eb8742e52168417d1a1ce38cfdb8961fc6f8452c6309a9c [stream]
[debug] [2025-12-04T21:33:13.547Z] <<< [apiv2][status] POST https://upload-firebasehosting.googleapis.com/upload/sites/hyventechjo/versions/51d574f5cf94d98f/files/1d3cc611fe39ebdf7d62241eb06d58e5b7f222e39babeff0c4117c82871d0d7e 200
[debug] [2025-12-04T21:33:13.547Z] <<< [apiv2][body] POST https://upload-firebasehosting.googleapis.com/upload/sites/hyventechjo/versions/51d574f5cf94d98f/files/1d3cc611fe39ebdf7d62241eb06d58e5b7f222e39babeff0c4117c82871d0d7e [stream]
[debug] [2025-12-04T21:33:13.669Z] <<< [apiv2][status] POST https://upload-firebasehosting.googleapis.com/upload/sites/hyventechjo/versions/51d574f5cf94d98f/files/b85af894a99f2829aa7fc950923eea4b58455bc05362bdc5ce7927f667a60e1b 200
[debug] [2025-12-04T21:33:13.669Z] <<< [apiv2][body] POST https://upload-firebasehosting.googleapis.com/upload/sites/hyventechjo/versions/51d574f5cf94d98f/files/b85af894a99f2829aa7fc950923eea4b58455bc05362bdc5ce7927f667a60e1b [stream]
[debug] [2025-12-04T21:33:13.673Z] <<< [apiv2][status] POST https://upload-firebasehosting.googleapis.com/upload/sites/hyventechjo/versions/51d574f5cf94d98f/files/276aa2a8d8e04feb6299fb89c7a425d4f3a532e4dc74fda8cf0d7093c710228e 200
[debug] [2025-12-04T21:33:13.673Z] <<< [apiv2][body] POST https://upload-firebasehosting.googleapis.com/upload/sites/hyventechjo/versions/51d574f5cf94d98f/files/276aa2a8d8e04feb6299fb89c7a425d4f3a532e4dc74fda8cf0d7093c710228e [stream]
[debug] [2025-12-04T21:33:13.701Z] <<< [apiv2][status] POST https://upload-firebasehosting.googleapis.com/upload/sites/hyventechjo/versions/51d574f5cf94d98f/files/74f28c2cf339a703876d11fab65bbeca57f9f6aab57c86dc069e06c80f9671f4 200
[debug] [2025-12-04T21:33:13.701Z] <<< [apiv2][body] POST https://upload-firebasehosting.googleapis.com/upload/sites/hyventechjo/versions/51d574f5cf94d98f/files/74f28c2cf339a703876d11fab65bbeca57f9f6aab57c86dc069e06c80f9671f4 [stream]
[debug] [2025-12-04T21:33:13.822Z] <<< [apiv2][status] POST https://upload-firebasehosting.googleapis.com/upload/sites/hyventechjo/versions/51d574f5cf94d98f/files/906cd99fb986e0414a8c64c8f0ae224f222c33b5bd14bc9f9c87e41fd7ebf8fd 200
[debug] [2025-12-04T21:33:13.823Z] <<< [apiv2][body] POST https://upload-firebasehosting.googleapis.com/upload/sites/hyventechjo/versions/51d574f5cf94d98f/files/906cd99fb986e0414a8c64c8f0ae224f222c33b5bd14bc9f9c87e41fd7ebf8fd [stream]
